2023-09-12 01:14:22,915 [INFO] Activator:176 - 


2023-09-12 01:14:22,921 [INFO] Activator:177 - !SESSION log4j initialized
2023-09-12 01:14:30,761 [INFO] LogOutputStream:77 - [STDOUT_REDIRECT] 
2023-09-12 01:14:37,921 [INFO] ApplicationProperties:184 - Using Application install path: C:\ST\STM32CubeIDE_1.13.0\STM32CubeIDE\plugins\com.st.stm32cube.common.mx_6.9.0.202307051724
2023-09-12 01:14:37,960 [INFO] DbMcusXml:78 - Set database path to: C:\ST\STM32CubeIDE_1.13.0\STM32CubeIDE\plugins\com.st.stm32cube.common.mx_6.9.0.202307051724\\db\/mcu/
2023-09-12 01:14:37,961 [INFO] ApiDb:274 - Set plugin database path to: C:\ST\STM32CubeIDE_1.13.0\STM32CubeIDE\plugins\com.st.stm32cube.common.mx_6.9.0.202307051724\\db\/plugins/boardmanager/
2023-09-12 01:14:37,961 [WARN] ApiDb:259 - Overriding images path with different value:  => C:\ST\STM32CubeIDE_1.13.0\STM32CubeIDE\plugins\com.st.stm32cube.common.mx_6.9.0.202307051724\\db\/plugins/mcufinder/images/
2023-09-12 01:14:37,999 [INFO] ApiDb:250 - Set database path to: C:\Users\Jems\.stmcufinder\plugins\mcufinder//mcu/
2023-09-12 01:14:38,002 [INFO] DbMcusAds:125 - Set database path to: C:\Users\Jems\.stmcufinder\plugins\mcufinder//mcu/
2023-09-12 01:14:38,007 [INFO] CrossReferenceDbSqlite:203 - Set database path to: C:\Users\Jems\.stmcufinder\plugins\mcufinder//mcu/cs/
2023-09-12 01:14:38,329 [INFO] RulesReader:64 - Compatibility file has been processed (293 Rules)
2023-09-12 01:14:38,500 [INFO] DbMcusXml:78 - Set database path to: C:\ST\STM32CubeIDE_1.13.0\STM32CubeIDE\plugins\com.st.stm32cube.common.mx_6.9.0.202307051724\\db\/mcu/
2023-09-12 01:14:38,501 [INFO] ApiDb:274 - Set plugin database path to: C:\ST\STM32CubeIDE_1.13.0\STM32CubeIDE\plugins\com.st.stm32cube.common.mx_6.9.0.202307051724\\db\/plugins/boardmanager/
2023-09-12 01:14:38,501 [INFO] ApiDb:261 - Set plugin images path to: C:\ST\STM32CubeIDE_1.13.0\STM32CubeIDE\plugins\com.st.stm32cube.common.mx_6.9.0.202307051724\\db\/plugins/mcufinder/images/
2023-09-12 01:14:38,502 [WARN] DbFile:41 - Overriding database path with different value: C:\Users\Jems\.stmcufinder\plugins\mcufinder/ => C:\Users\Jems\.stmcufinder\plugins\mcufinder
2023-09-12 01:14:38,502 [INFO] ApiDb:250 - Set database path to: C:\Users\Jems\.stmcufinder\plugins\mcufinder//mcu/
2023-09-12 01:14:38,502 [WARN] DbFile:41 - Overriding database path with different value: C:\Users\Jems\.stmcufinder\plugins\mcufinder/ => C:\Users\Jems\.stmcufinder\plugins\mcufinder
2023-09-12 01:14:38,502 [INFO] DbMcusAds:125 - Set database path to: C:\Users\Jems\.stmcufinder\plugins\mcufinder//mcu/
2023-09-12 01:14:38,503 [WARN] DbFile:41 - Overriding database path with different value: C:\Users\Jems\.stmcufinder\plugins\mcufinder/ => C:\Users\Jems\.stmcufinder\plugins\mcufinder
2023-09-12 01:14:38,503 [WARN] DbFile:41 - Overriding database path with different value: C:\Users\Jems\.stmcufinder\plugins\mcufinder/ => C:\Users\Jems\.stmcufinder\plugins\mcufinder
2023-09-12 01:14:38,503 [INFO] CrossReferenceDbSqlite:203 - Set database path to: C:\Users\Jems\.stmcufinder\plugins\mcufinder//mcu/cs/
2023-09-12 01:14:38,642 [INFO] MainPanel:262 - HeapMemory: 462422016
2023-09-12 01:14:38,870 [INFO] DbMcusXml:78 - Set database path to: C:\ST\STM32CubeIDE_1.13.0\STM32CubeIDE\plugins\com.st.stm32cube.common.mx_6.9.0.202307051724\\db\/mcu/
2023-09-12 01:14:38,876 [INFO] ApiDb:274 - Set plugin database path to: C:\ST\STM32CubeIDE_1.13.0\STM32CubeIDE\plugins\com.st.stm32cube.common.mx_6.9.0.202307051724\\db\/plugins/boardmanager/
2023-09-12 01:14:38,876 [INFO] ApiDb:261 - Set plugin images path to: C:\ST\STM32CubeIDE_1.13.0\STM32CubeIDE\plugins\com.st.stm32cube.common.mx_6.9.0.202307051724\\db\/plugins/mcufinder/images/
2023-09-12 01:14:38,877 [WARN] DbFile:41 - Overriding database path with different value: C:\Users\Jems\.stmcufinder\plugins\mcufinder/ => C:\Users\Jems\.stmcufinder\plugins\mcufinder
2023-09-12 01:14:38,877 [INFO] ApiDb:250 - Set database path to: C:\Users\Jems\.stmcufinder\plugins\mcufinder//mcu/
2023-09-12 01:14:38,877 [WARN] DbFile:41 - Overriding database path with different value: C:\Users\Jems\.stmcufinder\plugins\mcufinder/ => C:\Users\Jems\.stmcufinder\plugins\mcufinder
2023-09-12 01:14:38,878 [INFO] DbMcusAds:125 - Set database path to: C:\Users\Jems\.stmcufinder\plugins\mcufinder//mcu/
2023-09-12 01:14:38,878 [WARN] DbFile:41 - Overriding database path with different value: C:\Users\Jems\.stmcufinder\plugins\mcufinder/ => C:\Users\Jems\.stmcufinder\plugins\mcufinder
2023-09-12 01:14:38,878 [WARN] DbFile:41 - Overriding database path with different value: C:\Users\Jems\.stmcufinder\plugins\mcufinder/ => C:\Users\Jems\.stmcufinder\plugins\mcufinder
2023-09-12 01:14:38,878 [INFO] CrossReferenceDbSqlite:203 - Set database path to: C:\Users\Jems\.stmcufinder\plugins\mcufinder//mcu/cs/
2023-09-12 01:14:38,925 [INFO] ApplicationProperties:184 - Using Application install path: C:\ST\STM32CubeIDE_1.13.0\STM32CubeIDE\plugins\com.st.stm32cube.common.mx_6.9.0.202307051724
2023-09-12 01:14:38,928 [INFO] PluginManage:196 - Search for loadable plugins [exclusion list=, ]
2023-09-12 01:14:38,931 [INFO] PluginManage:310 - Check plugin analytics
2023-09-12 01:14:39,236 [INFO] AnalyticsPlugin:253 - Accepted Software Licenses: 
2023-09-12 01:14:39,236 [INFO] AnalyticsPlugin:255 - Accepted CMSIS Pack Licenses: 
2023-09-12 01:14:39,237 [INFO] AnalyticsPlugin:257 - Accepted Firmware Licenses: FW.F7.1.17.0
2023-09-12 01:14:39,240 [INFO] PluginManage:359 - Loaded plugin analytics (category:tool,tabindex:-1)
2023-09-12 01:14:39,241 [INFO] PluginManage:310 - Check plugin cadmodel
2023-09-12 01:14:39,268 [INFO] CADModel:105 - Init CAD model plugin
2023-09-12 01:14:39,268 [INFO] PluginManage:359 - Loaded plugin cadmodel (category:power,tabindex:5)
2023-09-12 01:14:39,269 [INFO] PluginManage:310 - Check plugin clock
2023-09-12 01:14:39,295 [INFO] PluginManage:359 - Loaded plugin clock (category:base,tabindex:2)
2023-09-12 01:14:39,295 [INFO] PluginManage:310 - Check plugin ddr
2023-09-12 01:14:39,299 [INFO] PluginManage:359 - Loaded plugin ddr (category:tool,tabindex:6)
2023-09-12 01:14:39,299 [INFO] PluginManage:310 - Check plugin filemanager
2023-09-12 01:14:39,518 [INFO] PluginManage:359 - Loaded plugin filemanager (category:base,tabindex:10)
2023-09-12 01:14:39,518 [INFO] PluginManage:310 - Check plugin ipmanager
2023-09-12 01:14:39,529 [INFO] PluginManage:359 - Loaded plugin ipmanager (category:base,tabindex:5)
2023-09-12 01:14:39,529 [INFO] PluginManage:310 - Check plugin lpbam
2023-09-12 01:14:39,559 [INFO] PluginManage:359 - Loaded plugin lpbam (category:base,tabindex:0)
2023-09-12 01:14:39,559 [INFO] PluginManage:310 - Check plugin memorymap
2023-09-12 01:14:39,592 [INFO] PluginManage:359 - Loaded plugin memorymap (category:base,tabindex:4)
2023-09-12 01:14:39,593 [INFO] PluginManage:310 - Check plugin pinoutandconfiguration
2023-09-12 01:14:39,614 [INFO] PluginManage:359 - Loaded plugin pinoutandconfiguration (category:base,tabindex:1)
2023-09-12 01:14:39,614 [INFO] PluginManage:310 - Check plugin pinoutconfig
2023-09-12 01:14:39,733 [WARN] SupportedApi:132 - Cannot load RTOS API schema: s4s-elt-must-match.1: The content of 'definitions' must match (annotation?, (simpleType | complexType)?, (unique | key | keyref)*)). A problem was found starting at: attribute.
2023-09-12 01:14:39,915 [INFO] PluginManage:359 - Loaded plugin pinoutconfig (category:base,tabindex:0)
2023-09-12 01:14:39,915 [INFO] PluginManage:310 - Check plugin power
2023-09-12 01:14:39,939 [INFO] PluginManage:359 - Loaded plugin power (category:power,tabindex:4)
2023-09-12 01:14:39,940 [INFO] PluginManage:310 - Check plugin projectmanager
2023-09-12 01:14:39,960 [INFO] PluginManage:359 - Loaded plugin projectmanager (category:projectmanager,tabindex:3)
2023-09-12 01:14:39,961 [INFO] PluginManage:310 - Check plugin thirdparty
2023-09-12 01:14:40,375 [INFO] PluginManage:359 - Loaded plugin thirdparty (category:base,tabindex:-1)
2023-09-12 01:14:40,375 [WARN] IntegrityCheckThread:84 - waiting for thirdparty lock release [integrity check]
2023-09-12 01:14:40,375 [INFO] PluginManage:310 - Check plugin tools
2023-09-12 01:14:40,375 [INFO] IntegrityCheckThread:86 - entering critical section [integrity check]
2023-09-12 01:14:40,376 [INFO] ThirdPartyUpdaterWithRetryManager:70 - Updater plugin not ready yet. [1/15]
2023-09-12 01:14:40,435 [INFO] PluginManage:359 - Loaded plugin tools (category:base,tabindex:7)
2023-09-12 01:14:40,435 [INFO] PluginManage:310 - Check plugin tutovideos
2023-09-12 01:14:40,802 [INFO] PluginManage:359 - Loaded plugin tutovideos (category:base,tabindex:-1)
2023-09-12 01:14:40,803 [INFO] PluginManage:310 - Check plugin updater
2023-09-12 01:14:40,820 [INFO] PluginManage:359 - Loaded plugin updater (category:base,tabindex:12)
2023-09-12 01:14:40,820 [INFO] PluginManage:310 - Check plugin userauth
2023-09-12 01:14:40,828 [INFO] UserAuth:113 - Init User Auth plugin
2023-09-12 01:14:40,828 [INFO] PluginManage:359 - Loaded plugin userauth (category:base,tabindex:14)
2023-09-12 01:14:40,829 [INFO] PluginManage:283 - PluginManage : Loaded plugins [17]
2023-09-12 01:14:41,123 [INFO] PinOutPanel:1499 - setPackage(No Configuration,No Configuration)
2023-09-12 01:14:41,247 [INFO] CADModel:165 - CPN selected for project level
2023-09-12 01:14:41,247 [INFO] CADModel:114 - Register for checkConnection events
2023-09-12 01:14:41,274 [INFO] IPUIPlugin:80 - create IPUIPlugin
2023-09-12 01:14:41,275 [INFO] PluginManager:220 - loadIPPluginJar : add adc
2023-09-12 01:14:41,312 [INFO] IPUIPlugin:80 - create IPUIPlugin
2023-09-12 01:14:41,313 [INFO] PluginManager:220 - loadIPPluginJar : add aes
2023-09-12 01:14:41,353 [INFO] IPUIPlugin:80 - create IPUIPlugin
2023-09-12 01:14:41,353 [INFO] PluginManager:220 - loadIPPluginJar : add can
2023-09-12 01:14:41,378 [INFO] IPUIPlugin:80 - create IPUIPlugin
2023-09-12 01:14:41,378 [INFO] PluginManager:220 - loadIPPluginJar : add comp
2023-09-12 01:14:41,412 [INFO] IPUIPlugin:80 - create IPUIPlugin
2023-09-12 01:14:41,412 [INFO] PluginManager:220 - loadIPPluginJar : add cryp
2023-09-12 01:14:41,441 [INFO] IPUIPlugin:80 - create IPUIPlugin
2023-09-12 01:14:41,442 [INFO] PluginManager:220 - loadIPPluginJar : add dfsdm
2023-09-12 01:14:41,454 [INFO] IPUIPlugin:80 - create IPUIPlugin
2023-09-12 01:14:41,455 [INFO] PluginManager:220 - loadIPPluginJar : add dma
2023-09-12 01:14:41,498 [INFO] IPUIPlugin:80 - create IPUIPlugin
2023-09-12 01:14:41,498 [INFO] PluginManager:220 - loadIPPluginJar : add dma3
2023-09-12 01:14:41,517 [INFO] IPUIPlugin:80 - create IPUIPlugin
2023-09-12 01:14:41,517 [INFO] PluginManager:220 - loadIPPluginJar : add fatfs
2023-09-12 01:14:41,570 [INFO] IPUIPlugin:80 - create IPUIPlugin
2023-09-12 01:14:41,570 [INFO] PluginManager:220 - loadIPPluginJar : add fmc
2023-09-12 01:14:41,582 [INFO] IPUIPlugin:80 - create IPUIPlugin
2023-09-12 01:14:41,582 [INFO] PluginManager:220 - loadIPPluginJar : add freertos
2023-09-12 01:14:41,600 [INFO] IPUIPlugin:80 - create IPUIPlugin
2023-09-12 01:14:41,600 [INFO] PluginManager:220 - loadIPPluginJar : add genericplugin
2023-09-12 01:14:41,686 [INFO] IPUIPlugin:80 - create IPUIPlugin
2023-09-12 01:14:41,686 [INFO] PluginManager:220 - loadIPPluginJar : add gfxmmu
2023-09-12 01:14:41,816 [INFO] IPUIPlugin:80 - create IPUIPlugin
2023-09-12 01:14:41,816 [INFO] PluginManager:220 - loadIPPluginJar : add gic
2023-09-12 01:14:41,830 [INFO] IPUIPlugin:80 - create IPUIPlugin
2023-09-12 01:14:41,830 [INFO] PluginManager:220 - loadIPPluginJar : add gpio
2023-09-12 01:14:41,928 [INFO] IPUIPlugin:80 - create IPUIPlugin
2023-09-12 01:14:41,928 [INFO] PluginManager:220 - loadIPPluginJar : add gtzc
2023-09-12 01:14:41,957 [INFO] IPUIPlugin:80 - create IPUIPlugin
2023-09-12 01:14:41,958 [INFO] PluginManager:220 - loadIPPluginJar : add hash
2023-09-12 01:14:42,009 [INFO] IPUIPlugin:80 - create IPUIPlugin
2023-09-12 01:14:42,009 [INFO] PluginManager:220 - loadIPPluginJar : add i2c
2023-09-12 01:14:42,046 [INFO] IPUIPlugin:80 - create IPUIPlugin
2023-09-12 01:14:42,046 [INFO] PluginManager:220 - loadIPPluginJar : add i2s
2023-09-12 01:14:42,082 [INFO] IPUIPlugin:80 - create IPUIPlugin
2023-09-12 01:14:42,082 [INFO] PluginManager:220 - loadIPPluginJar : add i3c
2023-09-12 01:14:42,182 [INFO] IPUIPlugin:80 - create IPUIPlugin
2023-09-12 01:14:42,182 [INFO] PluginManager:220 - loadIPPluginJar : add ipddr
2023-09-12 01:14:42,271 [INFO] IPUIPlugin:80 - create IPUIPlugin
2023-09-12 01:14:42,271 [INFO] PluginManager:220 - loadIPPluginJar : add linkedlist
2023-09-12 01:14:42,303 [INFO] IPUIPlugin:80 - create IPUIPlugin
2023-09-12 01:14:42,303 [INFO] PluginManager:220 - loadIPPluginJar : add lorawan
2023-09-12 01:14:42,337 [INFO] IPUIPlugin:80 - create IPUIPlugin
2023-09-12 01:14:42,337 [INFO] PluginManager:220 - loadIPPluginJar : add ltdc
2023-09-12 01:14:42,349 [INFO] IPUIPlugin:80 - create IPUIPlugin
2023-09-12 01:14:42,349 [INFO] PluginManager:220 - loadIPPluginJar : add mdma
2023-09-12 01:14:42,359 [INFO] IPUIPlugin:80 - create IPUIPlugin
2023-09-12 01:14:42,359 [INFO] PluginManager:220 - loadIPPluginJar : add nvic
2023-09-12 01:14:42,390 [INFO] IPUIPlugin:80 - create IPUIPlugin
2023-09-12 01:14:42,390 [INFO] PluginManager:220 - loadIPPluginJar : add opamp
2023-09-12 01:14:42,444 [INFO] IPUIPlugin:80 - create IPUIPlugin
2023-09-12 01:14:42,445 [INFO] PluginManager:220 - loadIPPluginJar : add openamp
2023-09-12 01:14:42,483 [INFO] IPUIPlugin:80 - create IPUIPlugin
2023-09-12 01:14:42,483 [INFO] PluginManager:220 - loadIPPluginJar : add pdm2pcm
2023-09-12 01:14:42,495 [INFO] IPUIPlugin:80 - create IPUIPlugin
2023-09-12 01:14:42,497 [INFO] PluginManager:220 - loadIPPluginJar : add plateformsettings
2023-09-12 01:14:42,514 [INFO] IPUIPlugin:80 - create IPUIPlugin
2023-09-12 01:14:42,514 [INFO] PluginManager:220 - loadIPPluginJar : add quadspi
2023-09-12 01:14:42,526 [INFO] IPUIPlugin:80 - create IPUIPlugin
2023-09-12 01:14:42,527 [INFO] PluginManager:220 - loadIPPluginJar : add resmgrutility
2023-09-12 01:14:42,582 [INFO] IPUIPlugin:80 - create IPUIPlugin
2023-09-12 01:14:42,582 [INFO] PluginManager:220 - loadIPPluginJar : add sai
2023-09-12 01:14:42,626 [INFO] IPUIPlugin:80 - create IPUIPlugin
2023-09-12 01:14:42,626 [INFO] PluginManager:220 - loadIPPluginJar : add spi
2023-09-12 01:14:42,682 [INFO] IPUIPlugin:80 - create IPUIPlugin
2023-09-12 01:14:42,682 [INFO] PluginManager:220 - loadIPPluginJar : add stm32_wpan
2023-09-12 01:14:42,703 [INFO] IPUIPlugin:80 - create IPUIPlugin
2023-09-12 01:14:42,703 [INFO] PluginManager:220 - loadIPPluginJar : add tim
2023-09-12 01:14:42,753 [INFO] IPUIPlugin:80 - create IPUIPlugin
2023-09-12 01:14:42,753 [INFO] PluginManager:220 - loadIPPluginJar : add touchsensing
2023-09-12 01:14:42,775 [INFO] IPUIPlugin:80 - create IPUIPlugin
2023-09-12 01:14:42,775 [INFO] PluginManager:220 - loadIPPluginJar : add tracer_emb
2023-09-12 01:14:42,796 [INFO] IPUIPlugin:80 - create IPUIPlugin
2023-09-12 01:14:42,796 [INFO] PluginManager:220 - loadIPPluginJar : add ts
2023-09-12 01:14:42,816 [INFO] IPUIPlugin:80 - create IPUIPlugin
2023-09-12 01:14:42,816 [INFO] PluginManager:220 - loadIPPluginJar : add tsc
2023-09-12 01:14:42,836 [INFO] IPUIPlugin:80 - create IPUIPlugin
2023-09-12 01:14:42,837 [INFO] PluginManager:220 - loadIPPluginJar : add ucpd
2023-09-12 01:14:42,880 [INFO] IPUIPlugin:80 - create IPUIPlugin
2023-09-12 01:14:42,880 [INFO] PluginManager:220 - loadIPPluginJar : add usart
2023-09-12 01:14:42,920 [INFO] IPUIPlugin:80 - create IPUIPlugin
2023-09-12 01:14:42,920 [INFO] PluginManager:220 - loadIPPluginJar : add usbx
2023-09-12 01:14:43,040 [INFO] CADModel:165 - CPN selected for project level
2023-09-12 01:14:43,041 [INFO] CADModel:114 - Register for checkConnection events
2023-09-12 01:14:43,041 [FATAL] Updater:308 - Updater called before beeing initialized
2023-09-12 01:14:43,041 [ERROR] CADModel:125 - Updater not yet initialized, retry later 
2023-09-12 01:14:43,225 [INFO] CADModel:165 - CPN selected for project level
2023-09-12 01:14:43,225 [INFO] CADModel:114 - Register for checkConnection events
2023-09-12 01:14:43,225 [FATAL] Updater:308 - Updater called before beeing initialized
2023-09-12 01:14:43,225 [ERROR] CADModel:125 - Updater not yet initialized, retry later 
2023-09-12 01:14:43,228 [FATAL] Updater:308 - Updater called before beeing initialized
2023-09-12 01:14:43,355 [FATAL] Updater:308 - Updater called before beeing initialized
2023-09-12 01:14:43,369 [INFO] DbMcusAds:53 - JSON generation date=Tue Mar 07 15:50:55 ICT 2023 (1678179055114)
2023-09-12 01:14:43,369 [FATAL] Updater:308 - Updater called before beeing initialized
2023-09-12 01:14:43,379 [INFO] ThirdPartyUpdaterWithRetryManager:70 - Updater plugin not ready yet. [2/15]
2023-09-12 01:14:43,416 [WARN] DetailPanel:346 - Failed to get advertising image, set to default
2023-09-12 01:14:43,508 [FATAL] Updater:308 - Updater called before beeing initialized
2023-09-12 01:14:43,510 [FATAL] Updater:308 - Updater called before beeing initialized
2023-09-12 01:14:43,510 [FATAL] Updater:308 - Updater called before beeing initialized
2023-09-12 01:14:43,510 [WARN] DetailPanel:346 - Failed to get advertising image, set to default
2023-09-12 01:14:43,511 [FATAL] Updater:308 - Updater called before beeing initialized
2023-09-12 01:14:43,569 [ERROR] Updater:1120 - MainUpdater not yet initialized. External WinMGr cannot be set.
2023-09-12 01:14:43,578 [INFO] Updater:1056 - Updater Version found : 6.9.0
2023-09-12 01:14:43,593 [INFO] ApplicationProperties:184 - Using Application install path: C:\ST\STM32CubeIDE_1.13.0\STM32CubeIDE\plugins\com.st.stm32cube.common.mx_6.9.0.202307051724
2023-09-12 01:14:44,604 [INFO] MainUpdater:2868 - connection check result : 10
2023-09-12 01:14:44,606 [INFO] MainUpdater:285 - Updater Check For Update Now.
2023-09-12 01:14:44,606 [INFO] MicroXplorer:498 - Change Database Version : DB.6.0.90
2023-09-12 01:14:44,640 [INFO] McuFinderGlobals:63 - Set McuFinder mode to 2 (CubeIDE integrated)
2023-09-12 01:14:44,829 [INFO] CheckServerUpdateThread:120 - End of CheckServer Thread
2023-09-12 01:14:46,568 [WARN] PackLoader:240 - Cannot read IP mode file for STMicroelectronics.X-CUBE-SMBUS.2.1.0
2023-09-12 01:14:46,615 [WARN] PackLoader:240 - Cannot read IP mode file for STMicroelectronics.X-CUBE-AZRTOS-F7.1.1.0
2023-09-12 01:14:46,634 [WARN] PackLoader:240 - Cannot read IP mode file for STMicroelectronics.FP-SNS-MOTENV1.4.3.2
2023-09-12 01:14:46,654 [WARN] PackLoader:240 - Cannot read IP mode file for STMicroelectronics.X-CUBE-BLE1.6.2.4
2023-09-12 01:14:46,667 [WARN] PackLoader:240 - Cannot read IP mode file for STMicroelectronics.FP-SNS-FLIGHT1.5.0.2
2023-09-12 01:14:46,685 [WARN] PackLoader:240 - Cannot read IP mode file for STMicroelectronics.X-CUBE-DISPLAY.3.0.0
2023-09-12 01:14:46,702 [WARN] PackLoader:240 - Cannot read IP mode file for STMicroelectronics.X-CUBE-BLE1.7.0.0
2023-09-12 01:14:46,715 [WARN] PackLoader:240 - Cannot read IP mode file for emotas.I-CUBE-CANOPEN.1.3.0
2023-09-12 01:14:46,729 [WARN] PackLoader:240 - Cannot read IP mode file for STMicroelectronics.X-CUBE-TOUCHGFX.4.22.0
2023-09-12 01:14:46,741 [WARN] PackLoader:240 - Cannot read IP mode file for STMicroelectronics.FP-SNS-SMARTAG2.1.2.0
2023-09-12 01:14:46,762 [INFO] LogOutputStream:77 - [STDOUT_REDIRECT] 1 : Invalid condition id : UX_CORESTACK_Condition cause : null
2023-09-12 01:14:46,763 [INFO] LogOutputStream:77 - [STDOUT_REDIRECT] 1 : Invalid condition id : UX_CORESTACK_Condition cause : null
2023-09-12 01:14:46,764 [INFO] LogOutputStream:77 - [STDOUT_REDIRECT] 1 : Invalid condition id : UX_CORESTACK_Condition cause : null
2023-09-12 01:14:46,766 [INFO] LogOutputStream:77 - [STDOUT_REDIRECT] 1 : Invalid condition id : UX_CORESTACK_Condition cause : null
2023-09-12 01:14:46,767 [INFO] LogOutputStream:77 - [STDOUT_REDIRECT] 1 : Invalid condition id : UX_CORESTACK_Condition cause : null
2023-09-12 01:14:46,786 [WARN] PackLoader:240 - Cannot read IP mode file for STMicroelectronics.X-CUBE-AZRTOS-WL.2.0.0
2023-09-12 01:14:46,808 [WARN] PackLoader:240 - Cannot read IP mode file for WES.I-CUBE-Cesium.1.3.0
2023-09-12 01:14:46,822 [WARN] PackLoader:240 - Cannot read IP mode file for STMicroelectronics.X-CUBE-BLE2.3.3.0
2023-09-12 01:14:46,841 [WARN] PackLoader:240 - Cannot read IP mode file for STMicroelectronics.X-CUBE-ALGOBUILD.1.3.0
2023-09-12 01:14:46,886 [WARN] PackLoader:240 - Cannot read IP mode file for STMicroelectronics.X-CUBE-AZRTOS-G0.1.1.0
2023-09-12 01:14:46,908 [WARN] PackLoader:240 - Cannot read IP mode file for STMicroelectronics.X-CUBE-NFC4.3.0.0
2023-09-12 01:14:46,922 [WARN] PackLoader:240 - Cannot read IP mode file for STMicroelectronics.FP-ATR-SIGFOX1.3.2.0
2023-09-12 01:14:46,970 [WARN] PackLoader:240 - Cannot read IP mode file for SEGGER.I-CUBE-embOS.1.3.1
2023-09-12 01:14:47,017 [WARN] PackLoader:240 - Cannot read IP mode file for STMicroelectronics.X-CUBE-GNSS1.6.0.0
2023-09-12 01:14:47,052 [WARN] PackLoader:240 - Cannot read IP mode file for STMicroelectronics.X-CUBE-AZRTOS-F4.1.1.0
2023-09-12 01:14:47,071 [WARN] PackLoader:240 - Cannot read IP mode file for wolfSSL.I-CUBE-wolfSSL.5.6.3
2023-09-12 01:14:47,159 [WARN] PackLoader:240 - Cannot read IP mode file for STMicroelectronics.X-CUBE-AZRTOS-L5.2.0.0
2023-09-12 01:14:47,249 [WARN] PackLoader:240 - Cannot read IP mode file for STMicroelectronics.X-CUBE-MEMS1.9.6.0
2023-09-12 01:14:47,448 [WARN] PackLoader:240 - Cannot read IP mode file for STMicroelectronics.X-CUBE-BLEMGR.2.0.0
2023-09-12 01:14:47,482 [WARN] ConditionMgr:438 - getConditionDescription Invalid condition id : UX DEVICE CLASS RTOS Condition cause : null
2023-09-12 01:14:47,482 [WARN] ConditionMgr:438 - getConditionDescription Invalid condition id : UX DEVICE CLASS RTOS Condition cause : null
2023-09-12 01:14:47,487 [WARN] PackLoader:240 - Cannot read IP mode file for STMicroelectronics.X-CUBE-AZRTOS-H7.3.1.0
2023-09-12 01:14:47,488 [WARN] ConditionMgr:1039 - genDependencies : Invalid condition id : UX DEVICE CLASS RTOS Condition cause : null
2023-09-12 01:14:47,489 [WARN] ConditionMgr:1039 - genDependencies : Invalid condition id : UX DEVICE CLASS RTOS Condition cause : null
2023-09-12 01:14:47,490 [WARN] ConditionMgr:1039 - genDependencies : Invalid condition id : UX DEVICE CLASS RTOS Condition cause : null
2023-09-12 01:14:47,490 [WARN] ConditionMgr:1039 - genDependencies : Invalid condition id : UX DEVICE CLASS RTOS Condition cause : null
2023-09-12 01:14:47,490 [WARN] ConditionMgr:1039 - genDependencies : Invalid condition id : UX DEVICE CLASS RTOS Condition cause : null
2023-09-12 01:14:47,508 [WARN] PackLoader:240 - Cannot read IP mode file for STMicroelectronics.X-CUBE-NFC7.1.0.1
2023-09-12 01:14:47,526 [WARN] PackLoader:240 - Cannot read IP mode file for STMicroelectronics.X-CUBE-NFC6.3.0.0
2023-09-12 01:14:47,545 [WARN] PackLoader:240 - Cannot read IP mode file for STMicroelectronics.X-CUBE-EEPRMA1.4.1.0
2023-09-12 01:14:47,558 [WARN] PackLoader:240 - Cannot read IP mode file for STMicroelectronics.X-CUBE-AI.8.1.0
2023-09-12 01:14:47,592 [WARN] ConditionMgr:438 - getConditionDescription Invalid condition id : LAN8742 Phy interface Condition cause : null
2023-09-12 01:14:47,593 [WARN] PackLoader:240 - Cannot read IP mode file for STMicroelectronics.X-CUBE-AZRTOS-L4.2.0.0
2023-09-12 01:14:47,594 [WARN] ConditionMgr:1039 - genDependencies : Invalid condition id : LAN8742 Phy interface Condition cause : null
2023-09-12 01:14:47,595 [WARN] ConditionMgr:1039 - genDependencies : Invalid condition id : LAN8742 Phy interface Condition cause : null
2023-09-12 01:14:47,595 [WARN] ConditionMgr:1039 - genDependencies : Invalid condition id : LAN8742 Phy interface Condition cause : null
2023-09-12 01:14:47,610 [WARN] PackLoader:240 - Cannot read IP mode file for STMicroelectronics.X-CUBE-SFXS2LP1.4.0.0
2023-09-12 01:14:47,622 [WARN] PackLoader:240 - Cannot read IP mode file for STMicroelectronics.X-CUBE-ISPU.1.1.0
2023-09-12 01:14:47,651 [WARN] ConditionMgr:438 - getConditionDescription Invalid condition id : UX DEVICE CLASS RTOS Condition cause : null
2023-09-12 01:14:47,651 [WARN] ConditionMgr:438 - getConditionDescription Invalid condition id : UX DEVICE CLASS RTOS Condition cause : null
2023-09-12 01:14:47,654 [WARN] PackLoader:240 - Cannot read IP mode file for STMicroelectronics.X-CUBE-AZRTOS-WB.2.0.0
2023-09-12 01:14:47,654 [WARN] ConditionMgr:1039 - genDependencies : Invalid condition id : UX DEVICE CLASS RTOS Condition cause : null
2023-09-12 01:14:47,655 [WARN] ConditionMgr:1039 - genDependencies : Invalid condition id : UX DEVICE CLASS RTOS Condition cause : null
2023-09-12 01:14:47,655 [WARN] ConditionMgr:1039 - genDependencies : Invalid condition id : UX DEVICE CLASS RTOS Condition cause : null
2023-09-12 01:14:47,655 [WARN] ConditionMgr:1039 - genDependencies : Invalid condition id : UX DEVICE CLASS RTOS Condition cause : null
2023-09-12 01:14:47,655 [WARN] ConditionMgr:1039 - genDependencies : Invalid condition id : UX DEVICE CLASS RTOS Condition cause : null
2023-09-12 01:14:47,669 [WARN] PackLoader:240 - Cannot read IP mode file for STMicroelectronics.X-CUBE-FREERTOS.1.0.1
2023-09-12 01:14:47,695 [WARN] PackLoader:240 - Cannot read IP mode file for STMicroelectronics.X-CUBE-AZRTOS-L5.1.1.0
2023-09-12 01:14:47,709 [WARN] PackLoader:240 - Cannot read IP mode file for STMicroelectronics.X-CUBE-AI.8.0.1
2023-09-12 01:14:47,727 [WARN] PackLoader:240 - Cannot read IP mode file for STMicroelectronics.X-CUBE-SUBG2.5.0.0
2023-09-12 01:14:47,749 [WARN] PackLoader:240 - Cannot read IP mode file for STMicroelectronics.X-CUBE-TOF1.3.3.1
2023-09-12 01:14:47,785 [WARN] PackLoader:240 - Cannot read IP mode file for STMicroelectronics.X-CUBE-AZRTOS-G4.2.0.0
2023-09-12 01:14:47,799 [WARN] PackLoader:240 - Cannot read IP mode file for STMicroelectronics.X-CUBE-FREERTOS.1.1.0
2023-09-12 01:14:47,816 [WARN] PackLoader:240 - Cannot read IP mode file for portGmbH.I-Cube-SoM-uGOAL.1.1.0
2023-09-12 01:14:47,829 [WARN] PackLoader:240 - Cannot read IP mode file for STMicroelectronics.X-CUBE-ALS.1.0.1
2023-09-12 01:14:47,856 [WARN] PackLoader:240 - Cannot read IP mode file for STMicroelectronics.X-CUBE-AZRTOS-WB.1.1.0
2023-09-12 01:14:47,875 [WARN] PackLoader:240 - Cannot read IP mode file for STMicroelectronics.FP-ATR-ASTRA1.2.0.0
2023-09-12 01:14:47,876 [INFO] ThirdParty:978 - Integrity check success = true
2023-09-12 01:14:47,876 [INFO] IntegrityCheckThread:100 - exiting critical section [integrity check]
2023-09-12 01:14:47,876 [INFO] IntegrityCheckThread:103 - End integrity checks thread
2023-09-12 01:15:06,030 [ERROR] LogOutputStream:75 - [STDERR_REDIRECT] SLF4J: Failed to load class "org.slf4j.impl.StaticLoggerBinder".
2023-09-12 01:15:06,031 [ERROR] LogOutputStream:75 - [STDERR_REDIRECT] SLF4J: Defaulting to no-operation (NOP) logger implementation
2023-09-12 01:15:06,034 [ERROR] LogOutputStream:75 - [STDERR_REDIRECT] SLF4J: See http://www.slf4j.org/codes.html#StaticLoggerBinder for further details.
