2023-10-01 17:28:36,127 [INFO] Activator:176 - 


2023-10-01 17:28:36,134 [INFO] Activator:177 - !SESSION log4j initialized
2023-10-01 17:28:44,371 [INFO] LogOutputStream:77 - [STDOUT_REDIRECT] 
2023-10-01 17:28:51,777 [INFO] ApplicationProperties:184 - Using Application install path: C:\ST\STM32CubeIDE_1.13.0\STM32CubeIDE\plugins\com.st.stm32cube.common.mx_6.9.0.202307051724
2023-10-01 17:28:51,801 [INFO] DbMcusXml:78 - Set database path to: C:\ST\STM32CubeIDE_1.13.0\STM32CubeIDE\plugins\com.st.stm32cube.common.mx_6.9.0.202307051724\\db\/mcu/
2023-10-01 17:28:51,801 [INFO] ApiDb:274 - Set plugin database path to: C:\ST\STM32CubeIDE_1.13.0\STM32CubeIDE\plugins\com.st.stm32cube.common.mx_6.9.0.202307051724\\db\/plugins/boardmanager/
2023-10-01 17:28:51,805 [WARN] ApiDb:259 - Overriding images path with different value:  => C:\ST\STM32CubeIDE_1.13.0\STM32CubeIDE\plugins\com.st.stm32cube.common.mx_6.9.0.202307051724\\db\/plugins/mcufinder/images/
2023-10-01 17:28:51,822 [INFO] ApiDb:250 - Set database path to: C:\Users\Jems\.stmcufinder\plugins\mcufinder//mcu/
2023-10-01 17:28:51,822 [INFO] DbMcusAds:125 - Set database path to: C:\Users\Jems\.stmcufinder\plugins\mcufinder//mcu/
2023-10-01 17:28:51,826 [INFO] CrossReferenceDbSqlite:203 - Set database path to: C:\Users\Jems\.stmcufinder\plugins\mcufinder//mcu/cs/
2023-10-01 17:28:52,014 [INFO] RulesReader:64 - Compatibility file has been processed (293 Rules)
2023-10-01 17:28:52,150 [INFO] DbMcusXml:78 - Set database path to: C:\ST\STM32CubeIDE_1.13.0\STM32CubeIDE\plugins\com.st.stm32cube.common.mx_6.9.0.202307051724\\db\/mcu/
2023-10-01 17:28:52,150 [INFO] ApiDb:274 - Set plugin database path to: C:\ST\STM32CubeIDE_1.13.0\STM32CubeIDE\plugins\com.st.stm32cube.common.mx_6.9.0.202307051724\\db\/plugins/boardmanager/
2023-10-01 17:28:52,150 [INFO] ApiDb:261 - Set plugin images path to: C:\ST\STM32CubeIDE_1.13.0\STM32CubeIDE\plugins\com.st.stm32cube.common.mx_6.9.0.202307051724\\db\/plugins/mcufinder/images/
2023-10-01 17:28:52,150 [WARN] DbFile:41 - Overriding database path with different value: C:\Users\Jems\.stmcufinder\plugins\mcufinder/ => C:\Users\Jems\.stmcufinder\plugins\mcufinder
2023-10-01 17:28:52,150 [INFO] ApiDb:250 - Set database path to: C:\Users\Jems\.stmcufinder\plugins\mcufinder//mcu/
2023-10-01 17:28:52,150 [WARN] DbFile:41 - Overriding database path with different value: C:\Users\Jems\.stmcufinder\plugins\mcufinder/ => C:\Users\Jems\.stmcufinder\plugins\mcufinder
2023-10-01 17:28:52,150 [INFO] DbMcusAds:125 - Set database path to: C:\Users\Jems\.stmcufinder\plugins\mcufinder//mcu/
2023-10-01 17:28:52,150 [WARN] DbFile:41 - Overriding database path with different value: C:\Users\Jems\.stmcufinder\plugins\mcufinder/ => C:\Users\Jems\.stmcufinder\plugins\mcufinder
2023-10-01 17:28:52,150 [WARN] DbFile:41 - Overriding database path with different value: C:\Users\Jems\.stmcufinder\plugins\mcufinder/ => C:\Users\Jems\.stmcufinder\plugins\mcufinder
2023-10-01 17:28:52,150 [INFO] CrossReferenceDbSqlite:203 - Set database path to: C:\Users\Jems\.stmcufinder\plugins\mcufinder//mcu/cs/
2023-10-01 17:28:52,290 [INFO] MainPanel:262 - HeapMemory: 268435456
2023-10-01 17:28:52,418 [INFO] DbMcusXml:78 - Set database path to: C:\ST\STM32CubeIDE_1.13.0\STM32CubeIDE\plugins\com.st.stm32cube.common.mx_6.9.0.202307051724\\db\/mcu/
2023-10-01 17:28:52,418 [INFO] ApiDb:274 - Set plugin database path to: C:\ST\STM32CubeIDE_1.13.0\STM32CubeIDE\plugins\com.st.stm32cube.common.mx_6.9.0.202307051724\\db\/plugins/boardmanager/
2023-10-01 17:28:52,418 [INFO] ApiDb:261 - Set plugin images path to: C:\ST\STM32CubeIDE_1.13.0\STM32CubeIDE\plugins\com.st.stm32cube.common.mx_6.9.0.202307051724\\db\/plugins/mcufinder/images/
2023-10-01 17:28:52,422 [WARN] DbFile:41 - Overriding database path with different value: C:\Users\Jems\.stmcufinder\plugins\mcufinder/ => C:\Users\Jems\.stmcufinder\plugins\mcufinder
2023-10-01 17:28:52,422 [INFO] ApiDb:250 - Set database path to: C:\Users\Jems\.stmcufinder\plugins\mcufinder//mcu/
2023-10-01 17:28:52,422 [WARN] DbFile:41 - Overriding database path with different value: C:\Users\Jems\.stmcufinder\plugins\mcufinder/ => C:\Users\Jems\.stmcufinder\plugins\mcufinder
2023-10-01 17:28:52,422 [INFO] DbMcusAds:125 - Set database path to: C:\Users\Jems\.stmcufinder\plugins\mcufinder//mcu/
2023-10-01 17:28:52,422 [WARN] DbFile:41 - Overriding database path with different value: C:\Users\Jems\.stmcufinder\plugins\mcufinder/ => C:\Users\Jems\.stmcufinder\plugins\mcufinder
2023-10-01 17:28:52,422 [WARN] DbFile:41 - Overriding database path with different value: C:\Users\Jems\.stmcufinder\plugins\mcufinder/ => C:\Users\Jems\.stmcufinder\plugins\mcufinder
2023-10-01 17:28:52,422 [INFO] CrossReferenceDbSqlite:203 - Set database path to: C:\Users\Jems\.stmcufinder\plugins\mcufinder//mcu/cs/
2023-10-01 17:28:52,442 [INFO] ApplicationProperties:184 - Using Application install path: C:\ST\STM32CubeIDE_1.13.0\STM32CubeIDE\plugins\com.st.stm32cube.common.mx_6.9.0.202307051724
2023-10-01 17:28:52,446 [INFO] PluginManage:196 - Search for loadable plugins [exclusion list=, ]
2023-10-01 17:28:52,446 [INFO] PluginManage:310 - Check plugin analytics
2023-10-01 17:28:52,692 [INFO] AnalyticsPlugin:253 - Accepted Software Licenses: 
2023-10-01 17:28:52,692 [INFO] AnalyticsPlugin:255 - Accepted CMSIS Pack Licenses: 
2023-10-01 17:28:52,692 [INFO] AnalyticsPlugin:257 - Accepted Firmware Licenses: FW.F7.1.17.0
2023-10-01 17:28:52,700 [INFO] PluginManage:359 - Loaded plugin analytics (category:tool,tabindex:-1)
2023-10-01 17:28:52,700 [INFO] PluginManage:310 - Check plugin cadmodel
2023-10-01 17:28:52,716 [INFO] CADModel:105 - Init CAD model plugin
2023-10-01 17:28:52,716 [INFO] PluginManage:359 - Loaded plugin cadmodel (category:power,tabindex:5)
2023-10-01 17:28:52,720 [INFO] PluginManage:310 - Check plugin clock
2023-10-01 17:28:52,752 [INFO] PluginManage:359 - Loaded plugin clock (category:base,tabindex:2)
2023-10-01 17:28:52,752 [INFO] PluginManage:310 - Check plugin ddr
2023-10-01 17:28:52,757 [INFO] PluginManage:359 - Loaded plugin ddr (category:tool,tabindex:6)
2023-10-01 17:28:52,757 [INFO] PluginManage:310 - Check plugin filemanager
2023-10-01 17:28:53,004 [INFO] PluginManage:359 - Loaded plugin filemanager (category:base,tabindex:10)
2023-10-01 17:28:53,004 [INFO] PluginManage:310 - Check plugin ipmanager
2023-10-01 17:28:53,016 [INFO] PluginManage:359 - Loaded plugin ipmanager (category:base,tabindex:5)
2023-10-01 17:28:53,016 [INFO] PluginManage:310 - Check plugin lpbam
2023-10-01 17:28:53,040 [INFO] PluginManage:359 - Loaded plugin lpbam (category:base,tabindex:0)
2023-10-01 17:28:53,040 [INFO] PluginManage:310 - Check plugin memorymap
2023-10-01 17:28:53,076 [INFO] PluginManage:359 - Loaded plugin memorymap (category:base,tabindex:4)
2023-10-01 17:28:53,076 [INFO] PluginManage:310 - Check plugin pinoutandconfiguration
2023-10-01 17:28:53,100 [INFO] PluginManage:359 - Loaded plugin pinoutandconfiguration (category:base,tabindex:1)
2023-10-01 17:28:53,100 [INFO] PluginManage:310 - Check plugin pinoutconfig
2023-10-01 17:28:53,276 [WARN] SupportedApi:132 - Cannot load RTOS API schema: s4s-elt-must-match.1: The content of 'definitions' must match (annotation?, (simpleType | complexType)?, (unique | key | keyref)*)). A problem was found starting at: attribute.
2023-10-01 17:28:53,502 [INFO] PluginManage:359 - Loaded plugin pinoutconfig (category:base,tabindex:0)
2023-10-01 17:28:53,502 [INFO] PluginManage:310 - Check plugin power
2023-10-01 17:28:53,534 [INFO] PluginManage:359 - Loaded plugin power (category:power,tabindex:4)
2023-10-01 17:28:53,534 [INFO] PluginManage:310 - Check plugin projectmanager
2023-10-01 17:28:53,558 [INFO] PluginManage:359 - Loaded plugin projectmanager (category:projectmanager,tabindex:3)
2023-10-01 17:28:53,558 [INFO] PluginManage:310 - Check plugin thirdparty
2023-10-01 17:28:53,982 [INFO] PluginManage:359 - Loaded plugin thirdparty (category:base,tabindex:-1)
2023-10-01 17:28:53,982 [WARN] IntegrityCheckThread:84 - waiting for thirdparty lock release [integrity check]
2023-10-01 17:28:53,982 [INFO] PluginManage:310 - Check plugin tools
2023-10-01 17:28:53,984 [INFO] IntegrityCheckThread:86 - entering critical section [integrity check]
2023-10-01 17:28:53,984 [INFO] ThirdPartyUpdaterWithRetryManager:70 - Updater plugin not ready yet. [1/15]
2023-10-01 17:28:54,028 [INFO] PluginManage:359 - Loaded plugin tools (category:base,tabindex:7)
2023-10-01 17:28:54,028 [INFO] PluginManage:310 - Check plugin tutovideos
2023-10-01 17:28:54,320 [INFO] PluginManage:359 - Loaded plugin tutovideos (category:base,tabindex:-1)
2023-10-01 17:28:54,320 [INFO] PluginManage:310 - Check plugin updater
2023-10-01 17:28:54,336 [INFO] PluginManage:359 - Loaded plugin updater (category:base,tabindex:12)
2023-10-01 17:28:54,336 [INFO] PluginManage:310 - Check plugin userauth
2023-10-01 17:28:54,340 [INFO] UserAuth:113 - Init User Auth plugin
2023-10-01 17:28:54,344 [INFO] PluginManage:359 - Loaded plugin userauth (category:base,tabindex:14)
2023-10-01 17:28:54,344 [INFO] PluginManage:283 - PluginManage : Loaded plugins [17]
2023-10-01 17:28:54,706 [INFO] PinOutPanel:1499 - setPackage(No Configuration,No Configuration)
2023-10-01 17:28:54,835 [INFO] CADModel:165 - CPN selected for project level
2023-10-01 17:28:54,835 [INFO] CADModel:114 - Register for checkConnection events
2023-10-01 17:28:54,863 [INFO] IPUIPlugin:80 - create IPUIPlugin
2023-10-01 17:28:54,863 [INFO] PluginManager:220 - loadIPPluginJar : add adc
2023-10-01 17:28:54,903 [INFO] IPUIPlugin:80 - create IPUIPlugin
2023-10-01 17:28:54,903 [INFO] PluginManager:220 - loadIPPluginJar : add aes
2023-10-01 17:28:54,948 [INFO] IPUIPlugin:80 - create IPUIPlugin
2023-10-01 17:28:54,952 [INFO] PluginManager:220 - loadIPPluginJar : add can
2023-10-01 17:28:54,976 [INFO] IPUIPlugin:80 - create IPUIPlugin
2023-10-01 17:28:54,976 [INFO] PluginManager:220 - loadIPPluginJar : add comp
2023-10-01 17:28:55,013 [INFO] IPUIPlugin:80 - create IPUIPlugin
2023-10-01 17:28:55,013 [INFO] PluginManager:220 - loadIPPluginJar : add cryp
2023-10-01 17:28:55,076 [INFO] IPUIPlugin:80 - create IPUIPlugin
2023-10-01 17:28:55,076 [INFO] PluginManager:220 - loadIPPluginJar : add dfsdm
2023-10-01 17:28:55,092 [INFO] IPUIPlugin:80 - create IPUIPlugin
2023-10-01 17:28:55,092 [INFO] PluginManager:220 - loadIPPluginJar : add dma
2023-10-01 17:28:55,152 [INFO] IPUIPlugin:80 - create IPUIPlugin
2023-10-01 17:28:55,152 [INFO] PluginManager:220 - loadIPPluginJar : add dma3
2023-10-01 17:28:55,172 [INFO] IPUIPlugin:80 - create IPUIPlugin
2023-10-01 17:28:55,172 [INFO] PluginManager:220 - loadIPPluginJar : add fatfs
2023-10-01 17:28:55,228 [INFO] IPUIPlugin:80 - create IPUIPlugin
2023-10-01 17:28:55,228 [INFO] PluginManager:220 - loadIPPluginJar : add fmc
2023-10-01 17:28:55,244 [INFO] IPUIPlugin:80 - create IPUIPlugin
2023-10-01 17:28:55,244 [INFO] PluginManager:220 - loadIPPluginJar : add freertos
2023-10-01 17:28:55,264 [INFO] IPUIPlugin:80 - create IPUIPlugin
2023-10-01 17:28:55,264 [INFO] PluginManager:220 - loadIPPluginJar : add genericplugin
2023-10-01 17:28:55,376 [INFO] IPUIPlugin:80 - create IPUIPlugin
2023-10-01 17:28:55,376 [INFO] PluginManager:220 - loadIPPluginJar : add gfxmmu
2023-10-01 17:28:55,532 [INFO] IPUIPlugin:80 - create IPUIPlugin
2023-10-01 17:28:55,536 [INFO] PluginManager:220 - loadIPPluginJar : add gic
2023-10-01 17:28:55,544 [INFO] IPUIPlugin:80 - create IPUIPlugin
2023-10-01 17:28:55,544 [INFO] PluginManager:220 - loadIPPluginJar : add gpio
2023-10-01 17:28:55,668 [INFO] IPUIPlugin:80 - create IPUIPlugin
2023-10-01 17:28:55,668 [INFO] PluginManager:220 - loadIPPluginJar : add gtzc
2023-10-01 17:28:55,704 [INFO] IPUIPlugin:80 - create IPUIPlugin
2023-10-01 17:28:55,704 [INFO] PluginManager:220 - loadIPPluginJar : add hash
2023-10-01 17:28:55,764 [INFO] IPUIPlugin:80 - create IPUIPlugin
2023-10-01 17:28:55,768 [INFO] PluginManager:220 - loadIPPluginJar : add i2c
2023-10-01 17:28:55,812 [INFO] IPUIPlugin:80 - create IPUIPlugin
2023-10-01 17:28:55,812 [INFO] PluginManager:220 - loadIPPluginJar : add i2s
2023-10-01 17:28:55,864 [INFO] IPUIPlugin:80 - create IPUIPlugin
2023-10-01 17:28:55,864 [INFO] PluginManager:220 - loadIPPluginJar : add i3c
2023-10-01 17:28:55,988 [INFO] IPUIPlugin:80 - create IPUIPlugin
2023-10-01 17:28:55,988 [INFO] PluginManager:220 - loadIPPluginJar : add ipddr
2023-10-01 17:28:56,084 [INFO] IPUIPlugin:80 - create IPUIPlugin
2023-10-01 17:28:56,084 [INFO] PluginManager:220 - loadIPPluginJar : add linkedlist
2023-10-01 17:28:56,128 [INFO] IPUIPlugin:80 - create IPUIPlugin
2023-10-01 17:28:56,128 [INFO] PluginManager:220 - loadIPPluginJar : add lorawan
2023-10-01 17:28:56,180 [INFO] IPUIPlugin:80 - create IPUIPlugin
2023-10-01 17:28:56,180 [INFO] PluginManager:220 - loadIPPluginJar : add ltdc
2023-10-01 17:28:56,196 [INFO] IPUIPlugin:80 - create IPUIPlugin
2023-10-01 17:28:56,196 [INFO] PluginManager:220 - loadIPPluginJar : add mdma
2023-10-01 17:28:56,212 [INFO] IPUIPlugin:80 - create IPUIPlugin
2023-10-01 17:28:56,212 [INFO] PluginManager:220 - loadIPPluginJar : add nvic
2023-10-01 17:28:56,252 [INFO] IPUIPlugin:80 - create IPUIPlugin
2023-10-01 17:28:56,252 [INFO] PluginManager:220 - loadIPPluginJar : add opamp
2023-10-01 17:28:56,328 [INFO] IPUIPlugin:80 - create IPUIPlugin
2023-10-01 17:28:56,328 [INFO] PluginManager:220 - loadIPPluginJar : add openamp
2023-10-01 17:28:56,408 [INFO] IPUIPlugin:80 - create IPUIPlugin
2023-10-01 17:28:56,408 [INFO] PluginManager:220 - loadIPPluginJar : add pdm2pcm
2023-10-01 17:28:56,444 [INFO] IPUIPlugin:80 - create IPUIPlugin
2023-10-01 17:28:56,448 [INFO] PluginManager:220 - loadIPPluginJar : add plateformsettings
2023-10-01 17:28:56,528 [INFO] IPUIPlugin:80 - create IPUIPlugin
2023-10-01 17:28:56,528 [INFO] PluginManager:220 - loadIPPluginJar : add quadspi
2023-10-01 17:28:56,552 [INFO] IPUIPlugin:80 - create IPUIPlugin
2023-10-01 17:28:56,552 [INFO] PluginManager:220 - loadIPPluginJar : add resmgrutility
2023-10-01 17:28:56,648 [INFO] IPUIPlugin:80 - create IPUIPlugin
2023-10-01 17:28:56,648 [INFO] PluginManager:220 - loadIPPluginJar : add sai
2023-10-01 17:28:56,712 [INFO] IPUIPlugin:80 - create IPUIPlugin
2023-10-01 17:28:56,712 [INFO] PluginManager:220 - loadIPPluginJar : add spi
2023-10-01 17:28:56,796 [INFO] IPUIPlugin:80 - create IPUIPlugin
2023-10-01 17:28:56,800 [INFO] PluginManager:220 - loadIPPluginJar : add stm32_wpan
2023-10-01 17:28:56,836 [INFO] IPUIPlugin:80 - create IPUIPlugin
2023-10-01 17:28:56,836 [INFO] PluginManager:220 - loadIPPluginJar : add tim
2023-10-01 17:28:56,932 [INFO] IPUIPlugin:80 - create IPUIPlugin
2023-10-01 17:28:56,936 [INFO] PluginManager:220 - loadIPPluginJar : add touchsensing
2023-10-01 17:28:56,968 [INFO] IPUIPlugin:80 - create IPUIPlugin
2023-10-01 17:28:56,968 [INFO] PluginManager:220 - loadIPPluginJar : add tracer_emb
2023-10-01 17:28:56,988 [INFO] ThirdPartyUpdaterWithRetryManager:70 - Updater plugin not ready yet. [2/15]
2023-10-01 17:28:57,004 [INFO] IPUIPlugin:80 - create IPUIPlugin
2023-10-01 17:28:57,004 [INFO] PluginManager:220 - loadIPPluginJar : add ts
2023-10-01 17:28:57,040 [INFO] IPUIPlugin:80 - create IPUIPlugin
2023-10-01 17:28:57,040 [INFO] PluginManager:220 - loadIPPluginJar : add tsc
2023-10-01 17:28:57,072 [INFO] IPUIPlugin:80 - create IPUIPlugin
2023-10-01 17:28:57,072 [INFO] PluginManager:220 - loadIPPluginJar : add ucpd
2023-10-01 17:28:57,141 [INFO] IPUIPlugin:80 - create IPUIPlugin
2023-10-01 17:28:57,141 [INFO] PluginManager:220 - loadIPPluginJar : add usart
2023-10-01 17:28:57,201 [INFO] IPUIPlugin:80 - create IPUIPlugin
2023-10-01 17:28:57,201 [INFO] PluginManager:220 - loadIPPluginJar : add usbx
2023-10-01 17:28:57,343 [INFO] CADModel:165 - CPN selected for project level
2023-10-01 17:28:57,343 [INFO] CADModel:114 - Register for checkConnection events
2023-10-01 17:28:57,347 [FATAL] Updater:308 - Updater called before beeing initialized
2023-10-01 17:28:57,347 [ERROR] CADModel:125 - Updater not yet initialized, retry later 
2023-10-01 17:28:57,638 [INFO] CADModel:165 - CPN selected for project level
2023-10-01 17:28:57,638 [INFO] CADModel:114 - Register for checkConnection events
2023-10-01 17:28:57,638 [FATAL] Updater:308 - Updater called before beeing initialized
2023-10-01 17:28:57,638 [ERROR] CADModel:125 - Updater not yet initialized, retry later 
2023-10-01 17:28:57,642 [FATAL] Updater:308 - Updater called before beeing initialized
2023-10-01 17:28:57,794 [FATAL] Updater:308 - Updater called before beeing initialized
2023-10-01 17:28:57,810 [INFO] DbMcusAds:53 - JSON generation date=Tue Mar 07 15:50:55 ICT 2023 (1678179055114)
2023-10-01 17:28:57,810 [FATAL] Updater:308 - Updater called before beeing initialized
2023-10-01 17:28:57,862 [WARN] DetailPanel:346 - Failed to get advertising image, set to default
2023-10-01 17:28:58,358 [FATAL] Updater:308 - Updater called before beeing initialized
2023-10-01 17:28:58,362 [FATAL] Updater:308 - Updater called before beeing initialized
2023-10-01 17:28:58,362 [FATAL] Updater:308 - Updater called before beeing initialized
2023-10-01 17:28:58,366 [WARN] DetailPanel:346 - Failed to get advertising image, set to default
2023-10-01 17:28:58,374 [FATAL] Updater:308 - Updater called before beeing initialized
2023-10-01 17:28:58,733 [ERROR] Updater:1120 - MainUpdater not yet initialized. External WinMGr cannot be set.
2023-10-01 17:28:58,757 [INFO] Updater:1056 - Updater Version found : 6.9.0
2023-10-01 17:28:58,797 [INFO] ApplicationProperties:184 - Using Application install path: C:\ST\STM32CubeIDE_1.13.0\STM32CubeIDE\plugins\com.st.stm32cube.common.mx_6.9.0.202307051724
2023-10-01 17:29:00,000 [INFO] ThirdPartyUpdaterWithRetryManager:70 - Updater plugin not ready yet. [3/15]
2023-10-01 17:29:00,636 [INFO] MainUpdater:2868 - connection check result : 10
2023-10-01 17:29:00,636 [INFO] MainUpdater:285 - Updater Check For Update Now.
2023-10-01 17:29:00,638 [INFO] MicroXplorer:498 - Change Database Version : DB.6.0.90
2023-10-01 17:29:00,666 [INFO] McuFinderGlobals:63 - Set McuFinder mode to 2 (CubeIDE integrated)
2023-10-01 17:29:00,958 [INFO] CheckServerUpdateThread:120 - End of CheckServer Thread
2023-10-01 17:29:03,334 [WARN] PackLoader:240 - Cannot read IP mode file for STMicroelectronics.X-CUBE-SMBUS.2.1.0
2023-10-01 17:29:03,421 [WARN] PackLoader:240 - Cannot read IP mode file for STMicroelectronics.X-CUBE-AZRTOS-F7.1.1.0
2023-10-01 17:29:03,457 [WARN] PackLoader:240 - Cannot read IP mode file for STMicroelectronics.FP-SNS-MOTENV1.4.3.2
2023-10-01 17:29:03,490 [WARN] PackLoader:240 - Cannot read IP mode file for STMicroelectronics.X-CUBE-BLE1.6.2.4
2023-10-01 17:29:03,514 [WARN] PackLoader:240 - Cannot read IP mode file for STMicroelectronics.FP-SNS-FLIGHT1.5.0.2
2023-10-01 17:29:03,548 [WARN] PackLoader:240 - Cannot read IP mode file for STMicroelectronics.X-CUBE-DISPLAY.3.0.0
2023-10-01 17:29:03,582 [WARN] PackLoader:240 - Cannot read IP mode file for STMicroelectronics.X-CUBE-BLE1.7.0.0
2023-10-01 17:29:03,609 [WARN] PackLoader:240 - Cannot read IP mode file for emotas.I-CUBE-CANOPEN.1.3.0
2023-10-01 17:29:03,631 [WARN] PackLoader:240 - Cannot read IP mode file for STMicroelectronics.X-CUBE-TOUCHGFX.4.22.0
2023-10-01 17:29:03,653 [WARN] PackLoader:240 - Cannot read IP mode file for STMicroelectronics.FP-SNS-SMARTAG2.1.2.0
2023-10-01 17:29:03,698 [INFO] LogOutputStream:77 - [STDOUT_REDIRECT] 1 : Invalid condition id : UX_CORESTACK_Condition cause : null
2023-10-01 17:29:03,699 [INFO] LogOutputStream:77 - [STDOUT_REDIRECT] 1 : Invalid condition id : UX_CORESTACK_Condition cause : null
2023-10-01 17:29:03,701 [INFO] LogOutputStream:77 - [STDOUT_REDIRECT] 1 : Invalid condition id : UX_CORESTACK_Condition cause : null
2023-10-01 17:29:03,703 [INFO] LogOutputStream:77 - [STDOUT_REDIRECT] 1 : Invalid condition id : UX_CORESTACK_Condition cause : null
2023-10-01 17:29:03,706 [INFO] LogOutputStream:77 - [STDOUT_REDIRECT] 1 : Invalid condition id : UX_CORESTACK_Condition cause : null
2023-10-01 17:29:03,719 [WARN] PackLoader:240 - Cannot read IP mode file for STMicroelectronics.X-CUBE-AZRTOS-WL.2.0.0
2023-10-01 17:29:03,754 [WARN] PackLoader:240 - Cannot read IP mode file for WES.I-CUBE-Cesium.1.3.0
2023-10-01 17:29:03,777 [WARN] PackLoader:240 - Cannot read IP mode file for STMicroelectronics.X-CUBE-BLE2.3.3.0
2023-10-01 17:29:03,802 [WARN] PackLoader:240 - Cannot read IP mode file for STMicroelectronics.X-CUBE-ALGOBUILD.1.3.0
2023-10-01 17:29:03,866 [WARN] PackLoader:240 - Cannot read IP mode file for STMicroelectronics.X-CUBE-AZRTOS-G0.1.1.0
2023-10-01 17:29:03,896 [WARN] PackLoader:240 - Cannot read IP mode file for STMicroelectronics.X-CUBE-NFC4.3.0.0
2023-10-01 17:29:03,921 [WARN] PackLoader:240 - Cannot read IP mode file for STMicroelectronics.FP-ATR-SIGFOX1.3.2.0
2023-10-01 17:29:04,015 [WARN] PackLoader:240 - Cannot read IP mode file for SEGGER.I-CUBE-embOS.1.3.1
2023-10-01 17:29:04,099 [WARN] PackLoader:240 - Cannot read IP mode file for STMicroelectronics.X-CUBE-GNSS1.6.0.0
2023-10-01 17:29:04,155 [WARN] PackLoader:240 - Cannot read IP mode file for STMicroelectronics.X-CUBE-AZRTOS-F4.1.1.0
2023-10-01 17:29:04,178 [WARN] PackLoader:240 - Cannot read IP mode file for wolfSSL.I-CUBE-wolfSSL.5.6.3
2023-10-01 17:29:04,227 [WARN] PackLoader:240 - Cannot read IP mode file for STMicroelectronics.X-CUBE-AZRTOS-L5.2.0.0
2023-10-01 17:29:04,329 [WARN] PackLoader:240 - Cannot read IP mode file for STMicroelectronics.X-CUBE-MEMS1.9.6.0
2023-10-01 17:29:04,770 [WARN] PackLoader:240 - Cannot read IP mode file for STMicroelectronics.X-CUBE-BLEMGR.2.0.0
2023-10-01 17:29:04,834 [WARN] ConditionMgr:438 - getConditionDescription Invalid condition id : UX DEVICE CLASS RTOS Condition cause : null
2023-10-01 17:29:04,834 [WARN] ConditionMgr:438 - getConditionDescription Invalid condition id : UX DEVICE CLASS RTOS Condition cause : null
2023-10-01 17:29:04,842 [WARN] PackLoader:240 - Cannot read IP mode file for STMicroelectronics.X-CUBE-AZRTOS-H7.3.1.0
2023-10-01 17:29:04,844 [WARN] ConditionMgr:1039 - genDependencies : Invalid condition id : UX DEVICE CLASS RTOS Condition cause : null
2023-10-01 17:29:04,844 [WARN] ConditionMgr:1039 - genDependencies : Invalid condition id : UX DEVICE CLASS RTOS Condition cause : null
2023-10-01 17:29:04,846 [WARN] ConditionMgr:1039 - genDependencies : Invalid condition id : UX DEVICE CLASS RTOS Condition cause : null
2023-10-01 17:29:04,847 [WARN] ConditionMgr:1039 - genDependencies : Invalid condition id : UX DEVICE CLASS RTOS Condition cause : null
2023-10-01 17:29:04,847 [WARN] ConditionMgr:1039 - genDependencies : Invalid condition id : UX DEVICE CLASS RTOS Condition cause : null
2023-10-01 17:29:04,877 [WARN] PackLoader:240 - Cannot read IP mode file for STMicroelectronics.X-CUBE-NFC7.1.0.1
2023-10-01 17:29:04,912 [WARN] PackLoader:240 - Cannot read IP mode file for STMicroelectronics.X-CUBE-NFC6.3.0.0
2023-10-01 17:29:04,939 [WARN] PackLoader:240 - Cannot read IP mode file for STMicroelectronics.X-CUBE-EEPRMA1.4.1.0
2023-10-01 17:29:04,962 [WARN] PackLoader:240 - Cannot read IP mode file for STMicroelectronics.X-CUBE-AI.8.1.0
2023-10-01 17:29:05,028 [WARN] ConditionMgr:438 - getConditionDescription Invalid condition id : LAN8742 Phy interface Condition cause : null
2023-10-01 17:29:05,030 [WARN] PackLoader:240 - Cannot read IP mode file for STMicroelectronics.X-CUBE-AZRTOS-L4.2.0.0
2023-10-01 17:29:05,032 [WARN] ConditionMgr:1039 - genDependencies : Invalid condition id : LAN8742 Phy interface Condition cause : null
2023-10-01 17:29:05,033 [WARN] ConditionMgr:1039 - genDependencies : Invalid condition id : LAN8742 Phy interface Condition cause : null
2023-10-01 17:29:05,034 [WARN] ConditionMgr:1039 - genDependencies : Invalid condition id : LAN8742 Phy interface Condition cause : null
2023-10-01 17:29:05,066 [WARN] PackLoader:240 - Cannot read IP mode file for STMicroelectronics.X-CUBE-SFXS2LP1.4.0.0
2023-10-01 17:29:05,091 [WARN] PackLoader:240 - Cannot read IP mode file for STMicroelectronics.X-CUBE-ISPU.1.1.0
2023-10-01 17:29:05,136 [WARN] ConditionMgr:438 - getConditionDescription Invalid condition id : UX DEVICE CLASS RTOS Condition cause : null
2023-10-01 17:29:05,136 [WARN] ConditionMgr:438 - getConditionDescription Invalid condition id : UX DEVICE CLASS RTOS Condition cause : null
2023-10-01 17:29:05,140 [WARN] PackLoader:240 - Cannot read IP mode file for STMicroelectronics.X-CUBE-AZRTOS-WB.2.0.0
2023-10-01 17:29:05,142 [WARN] ConditionMgr:1039 - genDependencies : Invalid condition id : UX DEVICE CLASS RTOS Condition cause : null
2023-10-01 17:29:05,142 [WARN] ConditionMgr:1039 - genDependencies : Invalid condition id : UX DEVICE CLASS RTOS Condition cause : null
2023-10-01 17:29:05,143 [WARN] ConditionMgr:1039 - genDependencies : Invalid condition id : UX DEVICE CLASS RTOS Condition cause : null
2023-10-01 17:29:05,143 [WARN] ConditionMgr:1039 - genDependencies : Invalid condition id : UX DEVICE CLASS RTOS Condition cause : null
2023-10-01 17:29:05,143 [WARN] ConditionMgr:1039 - genDependencies : Invalid condition id : UX DEVICE CLASS RTOS Condition cause : null
2023-10-01 17:29:05,164 [WARN] PackLoader:240 - Cannot read IP mode file for STMicroelectronics.X-CUBE-FREERTOS.1.0.1
2023-10-01 17:29:05,204 [WARN] PackLoader:240 - Cannot read IP mode file for STMicroelectronics.X-CUBE-AZRTOS-L5.1.1.0
2023-10-01 17:29:05,223 [WARN] PackLoader:240 - Cannot read IP mode file for STMicroelectronics.X-CUBE-AI.8.0.1
2023-10-01 17:29:05,251 [WARN] PackLoader:240 - Cannot read IP mode file for STMicroelectronics.X-CUBE-SUBG2.5.0.0
2023-10-01 17:29:05,284 [WARN] PackLoader:240 - Cannot read IP mode file for STMicroelectronics.X-CUBE-TOF1.3.3.1
2023-10-01 17:29:05,327 [WARN] PackLoader:240 - Cannot read IP mode file for STMicroelectronics.X-CUBE-AZRTOS-G4.2.0.0
2023-10-01 17:29:05,349 [WARN] PackLoader:240 - Cannot read IP mode file for STMicroelectronics.X-CUBE-FREERTOS.1.1.0
2023-10-01 17:29:05,368 [WARN] PackLoader:240 - Cannot read IP mode file for portGmbH.I-Cube-SoM-uGOAL.1.1.0
2023-10-01 17:29:05,384 [WARN] PackLoader:240 - Cannot read IP mode file for STMicroelectronics.X-CUBE-ALS.1.0.1
2023-10-01 17:29:05,421 [WARN] PackLoader:240 - Cannot read IP mode file for STMicroelectronics.X-CUBE-AZRTOS-WB.1.1.0
2023-10-01 17:29:05,437 [WARN] PackLoader:240 - Cannot read IP mode file for STMicroelectronics.FP-ATR-ASTRA1.2.0.0
2023-10-01 17:29:05,438 [INFO] ThirdParty:978 - Integrity check success = true
2023-10-01 17:29:05,438 [INFO] IntegrityCheckThread:100 - exiting critical section [integrity check]
2023-10-01 17:29:05,438 [INFO] IntegrityCheckThread:103 - End integrity checks thread
2023-10-01 17:29:22,395 [ERROR] LogOutputStream:75 - [STDERR_REDIRECT] SLF4J: Failed to load class "org.slf4j.impl.StaticLoggerBinder".
2023-10-01 17:29:22,395 [ERROR] LogOutputStream:75 - [STDERR_REDIRECT] SLF4J: Defaulting to no-operation (NOP) logger implementation
2023-10-01 17:29:22,399 [ERROR] LogOutputStream:75 - [STDERR_REDIRECT] SLF4J: See http://www.slf4j.org/codes.html#StaticLoggerBinder for further details.
2023-10-01 17:50:56,502 [INFO] McuFinderGlobals:63 - Set McuFinder mode to 2 (CubeIDE integrated)
2023-10-01 17:50:56,531 [INFO] MainUpdater:2868 - connection check result : 10
2023-10-01 17:50:56,537 [INFO] MainUpdater:2868 - connection check result : 10
2023-10-01 17:50:56,693 [INFO] MicroXplorer:468 - Change Database Path : 
2023-10-01 17:50:56,693 [INFO] MicroXplorer:498 - Change Database Version : DB.6.0.90
2023-10-01 17:50:56,697 [WARN] ThirdParty:871 - waiting for thirdparty lock release [close project]
2023-10-01 17:50:56,697 [INFO] ThirdParty:873 - entering critical section [close project]
2023-10-01 17:50:56,700 [INFO] ThirdParty:883 - exiting critical section [close project]
2023-10-01 17:50:56,703 [INFO] PinOutPanel:1499 - setPackage(No Configuration,No Configuration)
2023-10-01 17:50:56,714 [INFO] UtilMem:75 - Begin LoadConfig() Used Memory: 553034232 Bytes (1010827264)
2023-10-01 17:50:56,725 [INFO] MicroXplorer:468 - Change Database Path : C:/Users/Jems/.stm32cubemx/databases/DB.6.0.30/db/
2023-10-01 17:50:56,725 [INFO] MicroXplorer:498 - Change Database Version : DB.6.0.30
2023-10-01 17:51:00,177 [INFO] OpenFileManager:308 - Change cursor
2023-10-01 17:51:00,241 [INFO] Mcu:1946 - Initializing MCU STM32F767ZITx STM32F767ZITx STM32F767ZIT6
2023-10-01 17:51:03,703 [INFO] Context:659 - Trying to add GPIOservice into a context  which must be forbidden
2023-10-01 17:51:04,738 [INFO] RtosManager:555 - Registered RTOS mode: class=CMSIS, group=RTOS, mode=CMSIS_V1, owner=FREERTOS
2023-10-01 17:51:04,738 [INFO] RtosManager:555 - Registered RTOS mode: class=CMSIS, group=RTOS2, mode=CMSIS_V2, owner=FREERTOS
2023-10-01 17:51:04,742 [INFO] RtosManager:555 - Registered RTOS mode: class=RTOS, group=Core, mode=CMSIS_V1, owner=FREERTOS
2023-10-01 17:51:04,742 [INFO] RtosManager:555 - Registered RTOS mode: class=RTOS, group=Core, mode=CMSIS_V2, owner=FREERTOS
2023-10-01 17:51:04,742 [WARN] ModelIntegratedComponent:184 - Missing modes for component STMicroelectronics:FreeRTOS:0.0.1:STMicroelectronics:RTOS:FreeRTOS:Core:::10.2.0:
2023-10-01 17:51:04,750 [WARN] ModelIntegratedComponent:63 - No mode defined for component null
2023-10-01 17:51:04,754 [WARN] ModelIntegratedComponent:63 - No mode defined for component null
2023-10-01 17:51:04,754 [WARN] ModelIntegratedComponent:63 - No mode defined for component null
2023-10-01 17:51:04,754 [WARN] ModelIntegratedComponent:63 - No mode defined for component null
2023-10-01 17:51:04,754 [WARN] ModelIntegratedComponent:63 - No mode defined for component null
2023-10-01 17:51:04,754 [WARN] ModelIntegratedComponent:63 - No mode defined for component null
2023-10-01 17:51:04,754 [WARN] ModelIntegratedComponent:63 - No mode defined for component null
2023-10-01 17:51:04,754 [WARN] ModelIntegratedComponent:63 - No mode defined for component null
2023-10-01 17:51:04,754 [WARN] ModelIntegratedComponent:63 - No mode defined for component null
2023-10-01 17:51:04,754 [WARN] ModelIntegratedComponent:63 - No mode defined for component null
2023-10-01 17:51:04,754 [WARN] ModelIntegratedComponent:63 - No mode defined for component null
2023-10-01 17:51:04,754 [WARN] ModelIntegratedComponent:63 - No mode defined for component null
2023-10-01 17:51:04,754 [WARN] ModelIntegratedComponent:63 - No mode defined for component null
2023-10-01 17:51:04,754 [WARN] ModelIntegratedComponent:63 - No mode defined for component null
2023-10-01 17:51:04,754 [WARN] ModelIntegratedComponent:63 - No mode defined for component null
2023-10-01 17:51:04,754 [WARN] ModelIntegratedComponent:63 - No mode defined for component null
2023-10-01 17:51:04,754 [WARN] ModelIntegratedComponent:63 - No mode defined for component null
2023-10-01 17:51:04,754 [WARN] ModelIntegratedComponent:63 - No mode defined for component null
2023-10-01 17:51:04,754 [WARN] ModelIntegratedComponent:63 - No mode defined for component null
2023-10-01 17:51:04,754 [WARN] ModelIntegratedComponent:63 - No mode defined for component null
2023-10-01 17:51:04,754 [WARN] ModelIntegratedComponent:63 - No mode defined for component null
2023-10-01 17:51:04,754 [WARN] ModelIntegratedComponent:63 - No mode defined for component null
2023-10-01 17:51:04,754 [WARN] ModelIntegratedComponent:63 - No mode defined for component null
2023-10-01 17:51:04,754 [WARN] ModelIntegratedComponent:63 - No mode defined for component null
2023-10-01 17:51:04,754 [WARN] ModelIntegratedComponent:63 - No mode defined for component null
2023-10-01 17:51:04,754 [WARN] ModelIntegratedComponent:63 - No mode defined for component null
2023-10-01 17:51:04,754 [WARN] ModelIntegratedComponent:63 - No mode defined for component null
2023-10-01 17:51:04,754 [WARN] ModelIntegratedComponent:63 - No mode defined for component null
2023-10-01 17:51:04,754 [WARN] ModelIntegratedComponent:63 - No mode defined for component null
2023-10-01 17:51:04,754 [WARN] ModelIntegratedComponent:63 - No mode defined for component null
2023-10-01 17:51:04,754 [WARN] ModelIntegratedComponent:63 - No mode defined for component null
2023-10-01 17:51:04,754 [WARN] ModelIntegratedComponent:63 - No mode defined for component null
2023-10-01 17:51:04,754 [WARN] ModelIntegratedComponent:63 - No mode defined for component null
2023-10-01 17:51:04,786 [INFO] ThirdPartyModel:298 - Start build external matchings
2023-10-01 17:51:05,222 [INFO] ThirdPartyModel:316 - End build external matchings
2023-10-01 17:51:05,234 [INFO] ImportTextPane:194 - (OptionalMessage_ERROR) IP (RCC) : Invalid parameter (48MHZClocksFreq_Value)
2023-10-01 17:51:05,234 [INFO] ImportTextPane:194 - (OptionalMessage_ERROR) IP (RCC) : Invalid parameter (ADC12outputFreq_Value)
2023-10-01 17:51:05,234 [INFO] ImportTextPane:194 - (OptionalMessage_ERROR) IP (RCC) : Invalid parameter (ADC34outputFreq_Value)
2023-10-01 17:51:05,234 [INFO] ImportTextPane:194 - (OptionalMessage_ERROR) IP (RCC) : Invalid parameter (FamilyName)
2023-10-01 17:51:05,238 [INFO] ImportTextPane:194 - (OptionalMessage_ERROR) IP (RCC) : Invalid parameter (I2SClocksFreq_Value)
2023-10-01 17:51:05,238 [INFO] ImportTextPane:194 - (OptionalMessage_ERROR) IP (RCC) : Invalid parameter (LCDTFToutputFreq_Value)
2023-10-01 17:51:05,238 [INFO] ImportTextPane:194 - (OptionalMessage_ERROR) IP (RCC) : Invalid parameter (MCOFreq_Value)
2023-10-01 17:51:05,238 [INFO] ImportTextPane:194 - (OptionalMessage_ERROR) IP (RCC) : Invalid parameter (PLLMCOFreq_Value)
2023-10-01 17:51:05,238 [INFO] ImportTextPane:194 - (OptionalMessage_ERROR) IP (RCC) : Invalid parameter (PLLMUL)
2023-10-01 17:51:05,238 [INFO] ImportTextPane:194 - (OptionalMessage_ERROR) IP (RCC) : Invalid parameter (PRESCALERUSB)
2023-10-01 17:51:05,238 [INFO] ImportTextPane:194 - (OptionalMessage_ERROR) IP (RCC) : Invalid parameter (RTCHSEDivFreq_Value)
2023-10-01 17:51:05,238 [INFO] ImportTextPane:194 - (OptionalMessage_ERROR) IP (RCC) : Parameter (SDMMC2Freq_Value) has invalid value (200000000)
2023-10-01 17:51:05,238 [INFO] ImportTextPane:194 - (OptionalMessage_ERROR) IP (RCC) : Parameter (SDMMCFreq_Value) has invalid value (200000000)
2023-10-01 17:51:05,238 [INFO] ImportTextPane:194 - (OptionalMessage_ERROR) IP (RCC) : Invalid parameter (SYSCLKSourceVirtual)
2023-10-01 17:51:05,238 [INFO] ImportTextPane:194 - (OptionalMessage_ERROR) IP (RCC) : Invalid parameter (TIM15Freq_Value)
2023-10-01 17:51:05,238 [INFO] ImportTextPane:194 - (OptionalMessage_ERROR) IP (RCC) : Invalid parameter (TIM16Freq_Value)
2023-10-01 17:51:05,238 [INFO] ImportTextPane:194 - (OptionalMessage_ERROR) IP (RCC) : Invalid parameter (TIM17Freq_Value)
2023-10-01 17:51:05,238 [INFO] ImportTextPane:194 - (OptionalMessage_ERROR) IP (RCC) : Invalid parameter (TIM1Freq_Value)
2023-10-01 17:51:05,238 [INFO] ImportTextPane:194 - (OptionalMessage_ERROR) IP (RCC) : Invalid parameter (TIM20Freq_Value)
2023-10-01 17:51:05,238 [INFO] ImportTextPane:194 - (OptionalMessage_ERROR) IP (RCC) : Invalid parameter (TIM2Freq_Value)
2023-10-01 17:51:05,238 [INFO] ImportTextPane:194 - (OptionalMessage_ERROR) IP (RCC) : Invalid parameter (TIM3Freq_Value)
2023-10-01 17:51:05,238 [INFO] ImportTextPane:194 - (OptionalMessage_ERROR) IP (RCC) : Invalid parameter (TIM8Freq_Value)
2023-10-01 17:51:05,238 [INFO] ImportTextPane:194 - (OptionalMessage_ERROR) IP (RCC) : Parameter (USBFreq_Value) has invalid value (44444444.44444445)
2023-10-01 17:51:05,238 [INFO] ImportTextPane:194 - (OptionalMessage_ERROR) IP (RCC) : Invalid parameter (VCOOutput2Freq_Value)
2023-10-01 17:51:05,238 [INFO] ImportTextPane:194 - (OptionalMessage_ERROR) IP (RCC) : Invalid parameter (VcooutputI2S)
2023-10-01 17:51:05,784 [INFO] UtilMem:75 - End LoadConfig() Used Memory: 748552248 Bytes (1073741824)
2023-10-01 17:51:05,934 [INFO] ApiDb:581 - Connected to CubeFinder SQLite database (C:\Users\Jems\.stmcufinder\plugins\mcufinder\mcu\cube-finder-db.db)
2023-10-01 17:51:06,026 [INFO] ApiDb:668 - CubeFinder database Data Model version=2.1
2023-10-01 17:51:06,026 [INFO] ApiDb:669 - CubeFinder database Configuration version=3.0.37
2023-10-01 17:51:06,028 [INFO] ApiDb:670 - CubeFinder database generation date=2023-08-09 (1691586011)
2023-10-01 17:51:06,029 [INFO] ApiDb:671 - CubeFinder database FW Pack versions=[FP-ATR-ASTRA1_V2.0.0, FP-SNS-FLIGHT1_V5.0.1, FP-SNS-FLIGHT1_V5.0.2, FP-SNS-MOTENV1_V4.3.1, FP-SNS-MOTENV1_V4.3.2, STM32Cube_FW_C0_V1.1.0, STM32Cube_FW_F4_V1.27.1, STM32Cube_FW_F7_V1.17.0, STM32Cube_FW_G0_V1.6.1, STM32Cube_FW_G4_V1.5.1, STM32Cube_FW_H5_V0.5.1, STM32Cube_FW_H5_V1.1.0, STM32Cube_FW_H7_V1.11.0, STM32Cube_FW_L0_V1.12.2, STM32Cube_FW_L5_V1.5.0, STM32Cube_FW_U5_V1.3.0, STM32Cube_FW_U5_V1.3.0RC4, STM32Cube_FW_WBA_V1.0.0RC1, STM32Cube_FW_WBA_V1.1.0, STM32Cube_FW_WBA_V1.1.0RC1, STM32Cube_FW_WB_V1.15.0RC1, STM32Cube_FW_WB_V1.16.0, STM32Cube_FW_WB_V1.16.0RC2, STM32Cube_FW_WB_V1.17.0, STM32Cube_FW_WL_V1.3.0, X-CUBE-ALGOBUILD_V1.3.0, X-CUBE-ALS_V1.0.1, X-CUBE-AZRTOS-F4_V1.1.0, X-CUBE-AZRTOS-F7_V1.1.0, X-CUBE-AZRTOS-G0_V1.1.0, X-CUBE-AZRTOS-G4_V2.0.0, X-CUBE-AZRTOS-H7_V3.1.0, X-CUBE-AZRTOS-L4_V1.0.0, X-CUBE-AZRTOS-L4_V2.0.0, X-CUBE-AZRTOS-L5_V1.1.0, X-CUBE-AZRTOS-WB_V1.1.0, X-CUBE-AZRTOS-WL_V2.0.0, X-CUBE-BLE1_V7.0.0, X-CUBE-BLE2_V3.3.0, X-CUBE-BLEMGR_V2.0.0, X-CUBE-EEPRMA1_V4.1.0, X-CUBE-FREERTOS_V1.1.0, X-CUBE-GNSS1_V6.0.0, X-CUBE-MEMS1_V9.1.0, X-CUBE-MEMS1_V9.4.0, X-CUBE-MEMS1_V9.6.0, X-CUBE-NFC4_V3.0.0, X-CUBE-NFC7_V1.0.0, X-CUBE-SFXS2LP1_V4.0.0, X-CUBE-SUBG2_V5.0.0, X-CUBE-TOF1_V3.3.1]
2023-10-01 17:51:08,349 [INFO] ApiDb:240 - Found 323 in-development CPN: [B-G473E-ZEST1S, B-WB1M-WPAN1, B-WL5M-SUBG1, NUCLEO-C031C6, NUCLEO-H503RB, NUCLEO-H563ZI, NUCLEO-U545RE-Q, NUCLEO-U5A5ZJ-Q, NUCLEO-WBA52CG, STEVAL-PROTEUS1, STEVAL-SMARTAG2, STEVAL-STWINBX1, STM320518-EVAL, STM32C0116-DK, STM32C011D6Y3TR, STM32C011D6Y6TR, STM32C011F4P3, STM32C011F4P6, STM32C011F4U3, STM32C011F4U6TR, STM32C011F6P3, STM32C011F6P6, STM32C011F6U3, STM32C011F6U6TR, STM32C011J4M3, STM32C011J4M6, STM32C011J6M3, STM32C011J6M6, STM32C0316-DK, STM32C031C4T3, STM32C031C4T6, STM32C031C4U3, STM32C031C4U6, STM32C031C6T3, STM32C031C6T6, STM32C031C6U3, STM32C031C6U6, STM32C031F4P3, STM32C031F4P6, STM32C031F6P3, STM32C031F6P6, STM32C031G4U3, STM32C031G4U6, STM32C031G6U3, STM32C031G6U6, STM32C031K4T3, STM32C031K4T6, STM32C031K4U3, STM32C031K4U6, STM32C031K6T3, STM32C031K6T6, STM32C031K6U3, STM32C031K6U6, STM32G071K8TXN, STM32G071K8UXN, STM32G081GBU6N, STM32G081KBT6N, STM32G081KBUXN, STM32G0B1CCT6N, STM32G0B1KCT6, STM32G0B1NEY6TR, STM32G0B1RCT6N, STM32G0C1CCT6, STM32G0C1CCT6N, STM32G0C1CCU6N, STM32G0C1CET6N, STM32G0C1CEU6N, STM32G0C1KCT6, STM32G0C1NEY6TR, STM32G0C1RCI6N, STM32G0C1RCT6N, STM32G0C1REI6N, STM32G0C1RET6N, STM32G0C1VCI6, STM32G0C1VEI6, STM32G471CCT6, STM32G471CCU6, STM32G471CET3, STM32G471CET6, STM32G471CEU3, STM32G471CEU6, STM32G471MCT6, STM32G471MET3, STM32G471MET6, STM32G471MEY6TR, STM32G471QCT6, STM32G471QET3, STM32G471RCT6, STM32G471RET3, STM32G471RET6, STM32G471VCH6, STM32G471VCI6, STM32G471VCT6, STM32G471VEH3, STM32G471VEH6, STM32G471VEI3, STM32G471VEI6, STM32G471VET3, STM32G471VET6, STM32G474CCT6, STM32H503CBT6, STM32H503CBU6, STM32H503EBY6TR, STM32H503KBU6, STM32H503RBT6, STM32H562AGI6, STM32H562AII6, STM32H562IGK6, STM32H562IGT6, STM32H562IIK6, STM32H562IIT6, STM32H562RGT6, STM32H562RGV6, STM32H562RIT6, STM32H562RIV6, STM32H562VGT6, STM32H562VIT6, STM32H562ZGT6, STM32H562ZIT6, STM32H563AGI6, STM32H563AII3Q, STM32H563AII6, STM32H563IGK6, STM32H563IGT6, STM32H563IIK3Q, STM32H563IIK6, STM32H563IIT3Q, STM32H563IIT6, STM32H563MIY3QTR, STM32H563RGT6, STM32H563RGV6, STM32H563RIT6, STM32H563RIV6, STM32H563VGT6, STM32H563VIT3Q, STM32H563VIT6, STM32H563ZGT6, STM32H563ZIT3Q, STM32H563ZIT6, STM32H573AII3Q, STM32H573AII6, STM32H573I-DK, STM32H573IIK3Q, STM32H573IIK6, STM32H573IIT3Q, STM32H573IIT6, STM32H573MIY3QTR, STM32H573RIT6, STM32H573RIV6, STM32H573VIT3Q, STM32H573VIT6, STM32H573ZIT3Q, STM32H573ZIT6, STM32L4R5QGI6STR, STM32MP131AAE3, STM32MP131AAF3, STM32MP131AAG3, STM32MP131CAE3, STM32MP131CAF3, STM32MP131CAG3, STM32MP131DAE7, STM32MP131DAF7, STM32MP131DAG7, STM32MP131FAE7, STM32MP131FAF7, STM32MP131FAG7, STM32MP133AAE3, STM32MP133AAF3, STM32MP133AAG3, STM32MP133CAE3, STM32MP133CAF3, STM32MP133CAG3, STM32MP133DAE7, STM32MP133DAF7, STM32MP133DAG7, STM32MP133FAE7, STM32MP133FAF7, STM32MP133FAG7, STM32MP135AAE3, STM32MP135AAF3, STM32MP135AAG3, STM32MP135CAE3, STM32MP135CAF3, STM32MP135CAG3, STM32MP135DAE7, STM32MP135DAF7, STM32MP135DAG7, STM32MP135F-DK, STM32MP135FAE7, STM32MP135FAF7, STM32MP135FAF7T, STM32MP135FAF7U, STM32MP135FAG7, STM32U535CBT6, STM32U535CBT6Q, STM32U535CBU6, STM32U535CBU6Q, STM32U535CCT6, STM32U535CCT6Q, STM32U535CCU6, STM32U535CCU6Q, STM32U535CET6, STM32U535CET6Q, STM32U535CEU6, STM32U535CEU6Q, STM32U535JEY6QTR, STM32U535NCY6QTR, STM32U535NEY6QTR, STM32U535RBI6, STM32U535RBI6Q, STM32U535RBT6, STM32U535RBT6Q, STM32U535RCI6, STM32U535RCI6Q, STM32U535RCT6, STM32U535RCT6Q, STM32U535REI6, STM32U535REI6Q, STM32U535RET6, STM32U535RET6Q, STM32U535VCI6, STM32U535VCI6Q, STM32U535VCT6, STM32U535VCT6Q, STM32U535VEI6, STM32U535VEI6Q, STM32U535VET6, STM32U535VET6Q, STM32U545CET6, STM32U545CET6Q, STM32U545CEU6, STM32U545CEU6Q, STM32U545JEY6QTR, STM32U545NEY6QTR, STM32U545REI6, STM32U545REI6Q, STM32U545RET6, STM32U545RET6Q, STM32U545VEI6, STM32U545VEI6Q, STM32U545VET6, STM32U545VET6Q, STM32U595AIH6, STM32U595AIH6Q, STM32U595AJH6, STM32U595AJH6Q, STM32U595QII6, STM32U595QII6Q, STM32U595QJI6, STM32U595QJI6Q, STM32U595RIT6, STM32U595RIT6Q, STM32U595RJT6, STM32U595RJT6Q, STM32U595VIT6, STM32U595VIT6Q, STM32U595VJT6, STM32U595VJT6Q, STM32U595ZIT6, STM32U595ZIT6Q, STM32U595ZIY6QTR, STM32U595ZJT6, STM32U595ZJT6Q, STM32U595ZJY6QTR, STM32U599BJY6QTR, STM32U599NIH6Q, STM32U599NJH6Q, STM32U599VIT6Q, STM32U599VJT6, STM32U599VJT6Q, STM32U599ZIT6Q, STM32U599ZIY6QTR, STM32U599ZJT6Q, STM32U599ZJY6QTR, STM32U5A5AJH6, STM32U5A5AJH6Q, STM32U5A5QJI6, STM32U5A5QJI6Q, STM32U5A5RJT6, STM32U5A5RJT6Q, STM32U5A5VJT6, STM32U5A5VJT6Q, STM32U5A5ZJT6, STM32U5A5ZJT6Q, STM32U5A5ZJY6QTR, STM32U5A9BJY6QTR, STM32U5A9J-DK, STM32U5A9NJH6Q, STM32U5A9VJT6Q, STM32U5A9ZJT6Q, STM32U5A9ZJY6QTR, STM32U5F7VIT6, STM32U5F7VIT6Q, STM32U5F7VJT6, STM32U5F7VJT6Q, STM32U5F9BJY6QTR, STM32U5F9NJH6Q, STM32U5F9VIT6Q, STM32U5F9VJT6Q, STM32U5F9ZIJ6QTR, STM32U5F9ZIT6Q, STM32U5F9ZJJ6QTR, STM32U5F9ZJT6Q, STM32U5G7VJT6, STM32U5G7VJT6Q, STM32U5G9BJY6QTR, STM32U5G9J-DK1, STM32U5G9J-DK2, STM32U5G9NJH6Q, STM32U5G9VJT6Q, STM32U5G9ZJJ6QTR, STM32U5G9ZJT6Q, STM32WB1MMCH6, STM32WBA52CEU6, STM32WBA52CEU6T, STM32WBA52CGU6, STM32WBA52CGU6T, STM32WBA52KEU6, STM32WBA52KEU6T, STM32WBA52KGU6, STM32WBA52KGU6T, STM32WL5MOCH6, STM32WL5MOCH6TR]
2023-10-01 17:51:08,353 [INFO] DbMcus:217 - Found 3848 MCUs, 3848 are supported
2023-10-01 17:51:08,358 [INFO] ApiDb:423 - Load user favorites file C:\Users\Jems/.stm32cubeide/favorites.mcus.txt: 1 item(s)
2023-10-01 17:51:08,358 [INFO] ApiDb:427 - User favorites MCUs=[STM32F767ZIT6]
2023-10-01 17:51:08,358 [INFO] DbMcus:223 - Set 1 / 1 favorites MCUs
2023-10-01 17:51:08,710 [WARN] ThirdParty:833 - waiting for thirdparty lock release [change project]
2023-10-01 17:51:08,710 [INFO] ThirdParty:835 - entering critical section [change project]
2023-10-01 17:51:08,710 [INFO] ThirdParty:1030 - CMSIS Pack Vendor :STMicroelectronics X-CUBE-ISPU 1.1.0
2023-10-01 17:51:08,710 [INFO] ThirdParty:1030 - CMSIS Pack Vendor :STMicroelectronics USBPD 4.1
2023-10-01 17:51:08,710 [INFO] ThirdParty:1030 - CMSIS Pack Vendor :STMicroelectronics X-CUBE-GNSS1 6.0.0
2023-10-01 17:51:08,710 [INFO] ThirdParty:1030 - CMSIS Pack Vendor :STMicroelectronics USB_HOST 2.0.0
2023-10-01 17:51:08,710 [INFO] ThirdParty:1030 - CMSIS Pack Vendor :STMicroelectronics X-CUBE-AZRTOS-F4 1.1.0
2023-10-01 17:51:08,710 [INFO] ThirdParty:1030 - CMSIS Pack Vendor :STMicroelectronics LIBJPEG 8.0.0
2023-10-01 17:51:08,710 [INFO] ThirdParty:1030 - CMSIS Pack Vendor :wolfSSL I-CUBE-wolfSSL 5.6.3
2023-10-01 17:51:08,710 [INFO] ThirdParty:1030 - CMSIS Pack Vendor :STMicroelectronics X-CUBE-SMBUS 2.1.0
2023-10-01 17:51:08,710 [INFO] ThirdParty:1030 - CMSIS Pack Vendor :STMicroelectronics USB_DEVICE 3.0.0
2023-10-01 17:51:08,710 [INFO] ThirdParty:1030 - CMSIS Pack Vendor :STMicroelectronics X-CUBE-AZRTOS-WB 2.0.0
2023-10-01 17:51:08,710 [INFO] ThirdParty:1030 - CMSIS Pack Vendor :STMicroelectronics X-CUBE-FREERTOS 1.0.1
2023-10-01 17:51:08,710 [INFO] ThirdParty:1030 - CMSIS Pack Vendor :STMicroelectronics X-CUBE-AZRTOS-F7 1.1.0
2023-10-01 17:51:08,710 [INFO] ThirdParty:1030 - CMSIS Pack Vendor :STMicroelectronics X-CUBE-AZRTOS-L5 2.0.0
2023-10-01 17:51:08,710 [INFO] ThirdParty:1030 - CMSIS Pack Vendor :STMicroelectronics USB_DEVICE 2.0.0
2023-10-01 17:51:08,710 [INFO] ThirdParty:1030 - CMSIS Pack Vendor :STMicroelectronics X-CUBE-MEMS1 9.6.0
2023-10-01 17:51:08,710 [INFO] ThirdParty:1030 - CMSIS Pack Vendor :STMicroelectronics FP-SNS-MOTENV1 4.3.2
2023-10-01 17:51:08,710 [INFO] ThirdParty:1030 - CMSIS Pack Vendor :STMicroelectronics X-CUBE-ALGOBUILD 1.3.0
2023-10-01 17:51:08,710 [INFO] ThirdParty:1030 - CMSIS Pack Vendor :STMicroelectronics X-CUBE-BLE1 6.2.4
2023-10-01 17:51:08,710 [INFO] ThirdParty:1030 - CMSIS Pack Vendor :STMicroelectronics X-CUBE-AZRTOS-L5 1.1.0
2023-10-01 17:51:08,710 [INFO] ThirdParty:1030 - CMSIS Pack Vendor :STMicroelectronics FreeRTOS 0.0.1
2023-10-01 17:51:08,710 [INFO] ThirdParty:1030 - CMSIS Pack Vendor :STMicroelectronics X-CUBE-AZRTOS-G0 1.1.0
2023-10-01 17:51:08,710 [INFO] ThirdParty:1030 - CMSIS Pack Vendor :STMicroelectronics X-CUBE-BLEMGR 2.0.0
2023-10-01 17:51:08,710 [INFO] ThirdParty:1030 - CMSIS Pack Vendor :STMicroelectronics X-CUBE-AI 8.0.1
2023-10-01 17:51:08,710 [INFO] ThirdParty:1030 - CMSIS Pack Vendor :STMicroelectronics X-CUBE-NFC4 3.0.0
2023-10-01 17:51:08,710 [INFO] ThirdParty:1030 - CMSIS Pack Vendor :STMicroelectronics X-CUBE-SUBG2 5.0.0
2023-10-01 17:51:08,710 [INFO] ThirdParty:1030 - CMSIS Pack Vendor :STMicroelectronics STM32_WPAN 1.0.0
2023-10-01 17:51:08,710 [INFO] ThirdParty:1030 - CMSIS Pack Vendor :STMicroelectronics lwIP 2.0.3
2023-10-01 17:51:08,710 [INFO] ThirdParty:1030 - CMSIS Pack Vendor :STMicroelectronics FP-SNS-FLIGHT1 5.0.2
2023-10-01 17:51:08,710 [INFO] ThirdParty:1030 - CMSIS Pack Vendor :STMicroelectronics USB_HOST 1.0.0
2023-10-01 17:51:08,710 [INFO] ThirdParty:1030 - CMSIS Pack Vendor :STMicroelectronics X-CUBE-TOF1 3.3.1
2023-10-01 17:51:08,710 [INFO] ThirdParty:1030 - CMSIS Pack Vendor :STMicroelectronics X-CUBE-AZRTOS-G4 2.0.0
2023-10-01 17:51:08,710 [INFO] ThirdParty:1030 - CMSIS Pack Vendor :STMicroelectronics PDM2PCM 3.1.0
2023-10-01 17:51:08,710 [INFO] ThirdParty:1030 - CMSIS Pack Vendor :STMicroelectronics X-CUBE-AZRTOS-H7 3.1.0
2023-10-01 17:51:08,710 [INFO] ThirdParty:1030 - CMSIS Pack Vendor :STMicroelectronics PDM2PCM 3.3.0
2023-10-01 17:51:08,710 [INFO] ThirdParty:1030 - CMSIS Pack Vendor :STMicroelectronics X-CUBE-DISPLAY 3.0.0
2023-10-01 17:51:08,710 [INFO] ThirdParty:1030 - CMSIS Pack Vendor :STMicroelectronics X-CUBE-BLE1 7.0.0
2023-10-01 17:51:08,710 [INFO] ThirdParty:1030 - CMSIS Pack Vendor :STMicroelectronics FP-ATR-SIGFOX1 3.2.0
2023-10-01 17:51:08,710 [INFO] ThirdParty:1030 - CMSIS Pack Vendor :STMicroelectronics HAL Drivers 0.0.0
2023-10-01 17:51:08,710 [INFO] ThirdParty:1030 - CMSIS Pack Vendor :STMicroelectronics MBEDTLS 2.16.2
2023-10-01 17:51:08,710 [INFO] ThirdParty:1030 - CMSIS Pack Vendor :emotas I-CUBE-CANOPEN 1.3.0
2023-10-01 17:51:08,710 [INFO] ThirdParty:1030 - CMSIS Pack Vendor :STMicroelectronics X-CUBE-FREERTOS 1.1.0
2023-10-01 17:51:08,710 [INFO] ThirdParty:1030 - CMSIS Pack Vendor :STMicroelectronics X-CUBE-TOUCHGFX 4.22.0
2023-10-01 17:51:08,710 [INFO] ThirdParty:1030 - CMSIS Pack Vendor :STMicroelectronics X-CUBE-NFC7 1.0.1
2023-10-01 17:51:08,710 [INFO] ThirdParty:1030 - CMSIS Pack Vendor :STMicroelectronics MBEDTLS 2.14.1
2023-10-01 17:51:08,710 [INFO] ThirdParty:1030 - CMSIS Pack Vendor :STMicroelectronics X-CUBE-NFC6 3.0.0
2023-10-01 17:51:08,710 [INFO] ThirdParty:1030 - CMSIS Pack Vendor :STMicroelectronics X-CUBE-EEPRMA1 4.1.0
2023-10-01 17:51:08,710 [INFO] ThirdParty:1030 - CMSIS Pack Vendor :portGmbH I-Cube-SoM-uGOAL 1.1.0
2023-10-01 17:51:08,710 [INFO] ThirdParty:1030 - CMSIS Pack Vendor :STMicroelectronics X-CUBE-ALS 1.0.1
2023-10-01 17:51:08,710 [INFO] ThirdParty:1030 - CMSIS Pack Vendor :STMicroelectronics ThreadX 1.0.0
2023-10-01 17:51:08,710 [INFO] ThirdParty:1030 - CMSIS Pack Vendor :STMicroelectronics FP-SNS-SMARTAG2 1.2.0
2023-10-01 17:51:08,710 [INFO] ThirdParty:1030 - CMSIS Pack Vendor :STMicroelectronics X-CUBE-AZRTOS-WB 1.1.0
2023-10-01 17:51:08,710 [INFO] ThirdParty:1030 - CMSIS Pack Vendor :STMicroelectronics X-CUBE-AZRTOS-WL 2.0.0
2023-10-01 17:51:08,710 [INFO] ThirdParty:1030 - CMSIS Pack Vendor :SEGGER I-CUBE-embOS 1.3.1
2023-10-01 17:51:08,714 [INFO] ThirdParty:1030 - CMSIS Pack Vendor :STMicroelectronics USB_DEVICE 1.0.0
2023-10-01 17:51:08,714 [INFO] ThirdParty:1030 - CMSIS Pack Vendor :STMicroelectronics X-CUBE-AI 8.1.0
2023-10-01 17:51:08,714 [INFO] ThirdParty:1030 - CMSIS Pack Vendor :STMicroelectronics X-CUBE-AZRTOS-L4 2.0.0
2023-10-01 17:51:08,714 [INFO] ThirdParty:1030 - CMSIS Pack Vendor :STMicroelectronics ThreadX 0.0.2
2023-10-01 17:51:08,714 [INFO] ThirdParty:1030 - CMSIS Pack Vendor :WES I-CUBE-Cesium 1.3.0
2023-10-01 17:51:08,714 [INFO] ThirdParty:1030 - CMSIS Pack Vendor :STMicroelectronics FP-ATR-ASTRA1 2.0.0
2023-10-01 17:51:08,714 [INFO] ThirdParty:1030 - CMSIS Pack Vendor :STMicroelectronics lwIP 2.1.2
2023-10-01 17:51:08,714 [INFO] ThirdParty:1030 - CMSIS Pack Vendor :STMicroelectronics X-CUBE-SFXS2LP1 4.0.0
2023-10-01 17:51:08,714 [INFO] ThirdParty:1030 - CMSIS Pack Vendor :STMicroelectronics X-CUBE-BLE2 3.3.0
2023-10-01 17:51:08,714 [INFO] ThirdParty:1030 - CMSIS Pack Vendor :STMicroelectronics PDM2PCM 3.2.0
2023-10-01 17:51:08,714 [INFO] ThirdParty:841 - exiting critical section [change project]
2023-10-01 17:51:09,360 [INFO] PinOutPanel:1499 - setPackage(No Configuration,No Configuration)
2023-10-01 17:51:09,364 [INFO] PinOutPanel:1499 - setPackage(STM32F767ZITx,LQFP144)
2023-10-01 17:51:10,592 [INFO] UtilMem:75 - Before build in PCC Used Memory: 728180976 Bytes (1073741824)
2023-10-01 17:51:11,602 [INFO] UtilMem:75 - After build in PCC Used Memory: 814774176 Bytes (1073741824)
2023-10-01 17:51:11,644 [INFO] IPUIPlugin:80 - create IPUIPlugin
2023-10-01 17:51:11,644 [INFO] IPUIPlugin:80 - create IPUIPlugin
2023-10-01 17:51:11,645 [INFO] IPUIPlugin:80 - create IPUIPlugin
2023-10-01 17:51:11,645 [INFO] IPUIPlugin:80 - create IPUIPlugin
2023-10-01 17:51:11,645 [INFO] IPUIPlugin:80 - create IPUIPlugin
2023-10-01 17:51:11,645 [INFO] IPUIPlugin:80 - create IPUIPlugin
2023-10-01 17:51:11,645 [INFO] IPUIPlugin:80 - create IPUIPlugin
2023-10-01 17:51:11,645 [INFO] IPUIPlugin:80 - create IPUIPlugin
2023-10-01 17:51:11,646 [INFO] IPUIPlugin:80 - create IPUIPlugin
2023-10-01 17:51:11,646 [INFO] IPUIPlugin:80 - create IPUIPlugin
2023-10-01 17:51:11,646 [INFO] IPUIPlugin:80 - create IPUIPlugin
2023-10-01 17:51:11,646 [INFO] IPUIPlugin:80 - create IPUIPlugin
2023-10-01 17:51:11,646 [INFO] IPUIPlugin:80 - create IPUIPlugin
2023-10-01 17:51:11,647 [INFO] IPUIPlugin:80 - create IPUIPlugin
2023-10-01 17:51:11,647 [INFO] IPUIPlugin:80 - create IPUIPlugin
2023-10-01 17:51:11,647 [INFO] IPUIPlugin:80 - create IPUIPlugin
2023-10-01 17:51:11,647 [INFO] IPUIPlugin:80 - create IPUIPlugin
2023-10-01 17:51:11,647 [INFO] IPUIPlugin:80 - create IPUIPlugin
2023-10-01 17:51:11,648 [INFO] IPUIPlugin:80 - create IPUIPlugin
2023-10-01 17:51:11,648 [INFO] IPUIPlugin:80 - create IPUIPlugin
2023-10-01 17:51:11,648 [INFO] IPUIPlugin:80 - create IPUIPlugin
2023-10-01 17:51:11,648 [INFO] IPUIPlugin:80 - create IPUIPlugin
2023-10-01 17:51:11,648 [INFO] IPUIPlugin:80 - create IPUIPlugin
2023-10-01 17:51:11,649 [INFO] IPUIPlugin:80 - create IPUIPlugin
2023-10-01 17:51:11,649 [INFO] IPUIPlugin:80 - create IPUIPlugin
2023-10-01 17:51:11,649 [INFO] IPUIPlugin:80 - create IPUIPlugin
2023-10-01 17:51:11,649 [INFO] IPUIPlugin:80 - create IPUIPlugin
2023-10-01 17:51:11,650 [INFO] IPUIPlugin:80 - create IPUIPlugin
2023-10-01 17:51:11,650 [INFO] IPUIPlugin:80 - create IPUIPlugin
2023-10-01 17:51:11,650 [INFO] IPUIPlugin:80 - create IPUIPlugin
2023-10-01 17:51:11,650 [INFO] IPUIPlugin:80 - create IPUIPlugin
2023-10-01 17:51:11,651 [INFO] IPUIPlugin:80 - create IPUIPlugin
2023-10-01 17:51:11,651 [INFO] IPUIPlugin:80 - create IPUIPlugin
2023-10-01 17:51:11,651 [INFO] IPUIPlugin:80 - create IPUIPlugin
2023-10-01 17:51:11,651 [INFO] IPUIPlugin:80 - create IPUIPlugin
2023-10-01 17:51:11,652 [INFO] IPUIPlugin:80 - create IPUIPlugin
2023-10-01 17:51:11,652 [INFO] IPUIPlugin:80 - create IPUIPlugin
2023-10-01 17:51:11,652 [INFO] IPUIPlugin:80 - create IPUIPlugin
2023-10-01 17:51:11,653 [INFO] IPUIPlugin:80 - create IPUIPlugin
2023-10-01 17:51:11,653 [INFO] IPUIPlugin:80 - create IPUIPlugin
2023-10-01 17:51:11,653 [INFO] IPUIPlugin:80 - create IPUIPlugin
2023-10-01 17:51:11,654 [INFO] IPUIPlugin:80 - create IPUIPlugin
2023-10-01 17:51:11,654 [INFO] IPUIPlugin:80 - create IPUIPlugin
2023-10-01 17:51:11,655 [INFO] IPUIPlugin:80 - create IPUIPlugin
2023-10-01 17:51:11,655 [INFO] IPUIPlugin:80 - create IPUIPlugin
2023-10-01 17:51:11,655 [INFO] IPUIPlugin:80 - create IPUIPlugin
2023-10-01 17:51:11,656 [INFO] IPUIPlugin:80 - create IPUIPlugin
2023-10-01 17:51:11,656 [INFO] IPUIPlugin:80 - create IPUIPlugin
2023-10-01 17:51:11,656 [INFO] IPUIPlugin:80 - create IPUIPlugin
2023-10-01 17:51:11,657 [INFO] IPUIPlugin:80 - create IPUIPlugin
2023-10-01 17:51:11,657 [INFO] IPUIPlugin:80 - create IPUIPlugin
2023-10-01 17:51:11,658 [INFO] IPUIPlugin:80 - create IPUIPlugin
2023-10-01 17:51:11,658 [INFO] IPUIPlugin:80 - create IPUIPlugin
2023-10-01 17:51:11,658 [INFO] IPUIPlugin:80 - create IPUIPlugin
2023-10-01 17:51:11,659 [INFO] IPUIPlugin:80 - create IPUIPlugin
2023-10-01 17:51:11,659 [INFO] IPUIPlugin:80 - create IPUIPlugin
2023-10-01 17:51:11,659 [INFO] IPUIPlugin:80 - create IPUIPlugin
2023-10-01 17:51:11,660 [INFO] IPUIPlugin:80 - create IPUIPlugin
2023-10-01 17:51:11,660 [INFO] IPUIPlugin:80 - create IPUIPlugin
2023-10-01 17:51:11,661 [INFO] IPUIPlugin:80 - create IPUIPlugin
2023-10-01 17:51:11,661 [INFO] IPUIPlugin:80 - create IPUIPlugin
2023-10-01 17:51:11,661 [INFO] IPUIPlugin:80 - create IPUIPlugin
2023-10-01 17:51:11,662 [INFO] IPUIPlugin:80 - create IPUIPlugin
2023-10-01 17:51:11,662 [INFO] IPUIPlugin:80 - create IPUIPlugin
2023-10-01 17:51:11,662 [INFO] IPUIPlugin:80 - create IPUIPlugin
2023-10-01 17:51:11,663 [INFO] IPUIPlugin:80 - create IPUIPlugin
2023-10-01 17:51:11,663 [INFO] IPUIPlugin:80 - create IPUIPlugin
2023-10-01 17:51:11,664 [INFO] IPUIPlugin:80 - create IPUIPlugin
2023-10-01 17:51:11,664 [INFO] IPUIPlugin:80 - create IPUIPlugin
2023-10-01 17:51:11,664 [INFO] IPUIPlugin:80 - create IPUIPlugin
2023-10-01 17:51:11,665 [INFO] IPUIPlugin:80 - create IPUIPlugin
2023-10-01 17:51:11,665 [INFO] IPUIPlugin:80 - create IPUIPlugin
2023-10-01 17:51:11,666 [INFO] IPUIPlugin:80 - create IPUIPlugin
2023-10-01 17:51:11,667 [INFO] IPUIPlugin:80 - create IPUIPlugin
2023-10-01 17:51:11,667 [INFO] IPUIPlugin:80 - create IPUIPlugin
2023-10-01 17:51:11,668 [INFO] IPUIPlugin:80 - create IPUIPlugin
2023-10-01 17:51:11,669 [INFO] IPUIPlugin:80 - create IPUIPlugin
2023-10-01 17:51:11,669 [INFO] IPUIPlugin:80 - create IPUIPlugin
2023-10-01 17:51:11,670 [INFO] IPUIPlugin:80 - create IPUIPlugin
2023-10-01 17:51:11,832 [INFO] ApiDbMcu:507 - Load IP Config File for PDM2PCM
2023-10-01 17:51:12,157 [INFO] CADModel:165 - CPN selected for project levelSTM32F767ZIT6
2023-10-01 17:51:12,157 [INFO] CADModel:114 - Register for checkConnection events
2023-10-01 17:51:12,219 [INFO] OpenFileManager:328 - Restore cursor
2023-10-01 18:17:24,716 [INFO] I2cTimingTraitement:330 - 0x00C0EAFF
2023-10-01 18:17:31,910 [INFO] NvicIntPanel:101 - NVIC parent = com.st.microxplorer.plugins.ip.nvic.MultiNvicIntPanel[,0,0,450x165,layout=javax.swing.BoxLayout,alignmentX=0.0,alignmentY=0.0,border=,flags=9,maximumSize=,minimumSize=,preferredSize=]
2023-10-01 19:18:45,748 [INFO] I2cTimingTraitement:330 - 0x00C0EAFF
2023-10-01 19:18:49,790 [INFO] I2cTimingTraitement:330 - 0x00C0EAFF
2023-10-01 19:18:50,004 [INFO] I2cTimingTraitement:330 - 0x00C0EAFF
2023-10-01 19:20:03,321 [INFO] UtilMem:75 - End SaveConfig() Used Memory: 730100744 Bytes (1073741824)
2023-10-01 19:20:04,933 [INFO] UtilMem:75 - End SaveConfig() Used Memory: 759987208 Bytes (1073741824)
2023-10-01 19:20:05,583 [INFO] UtilMem:75 - End SaveConfig() Used Memory: 862747656 Bytes (1073741824)
2023-10-01 19:20:06,270 [INFO] BlockDiagram:2759 - set Specific Code input for plugin: RNG
2023-10-01 19:20:06,271 [INFO] BlockDiagram:2759 - set Specific Code input for plugin: SPI
2023-10-01 19:20:06,271 [INFO] BlockDiagram:2759 - set Specific Code input for plugin: TIM1_8F77
2023-10-01 19:20:06,272 [INFO] BlockDiagram:2759 - set Specific Code input for plugin: SYS
2023-10-01 19:20:06,272 [INFO] BlockDiagram:2759 - set Specific Code input for plugin: RCC
2023-10-01 19:20:06,272 [INFO] BlockDiagram:2759 - set Specific Code input for plugin: I2C
2023-10-01 19:20:06,273 [INFO] BlockDiagram:2759 - set Specific Code input for plugin: NVIC
2023-10-01 19:20:06,273 [INFO] BlockDiagram:2759 - set Specific Code input for plugin: USART
2023-10-01 19:20:06,275 [INFO] BlockDiagram:2759 - set Specific Code input for plugin: GPIO
2023-10-01 19:20:06,277 [INFO] CodeGenerator:799 - code generatio: config db path: C:/Users/Jems/.stm32cubemx/databases/DB.6.0.30/db/
2023-10-01 19:20:06,658 [INFO] CodeEngine:255 - oldGeneratedFile, C:\Users\Jems\STM32CubeIDE\MAD_Lab\767_SPI_ILI9341\767_SPI_ILI9341_2\MXTmpFiles\license.tmp_save
2023-10-01 19:20:07,109 [INFO] CodeEngine:279 - Generated code: C:\Users\Jems\STM32CubeIDE\MAD_Lab\767_SPI_ILI9341\767_SPI_ILI9341_2\MXTmpFiles\license.tmp
2023-10-01 19:20:07,310 [INFO] CodeEngine:255 - oldGeneratedFile, C:\Users\Jems\STM32CubeIDE\MAD_Lab\767_SPI_ILI9341\767_SPI_ILI9341_2\Core\Src\gpio.c_save
2023-10-01 19:20:07,479 [INFO] CodeEngine:279 - Generated code: C:\Users\Jems\STM32CubeIDE\MAD_Lab\767_SPI_ILI9341\767_SPI_ILI9341_2\Core\Src\gpio.c
2023-10-01 19:20:07,491 [INFO] CodeEngine:255 - oldGeneratedFile, C:\Users\Jems\STM32CubeIDE\MAD_Lab\767_SPI_ILI9341\767_SPI_ILI9341_2\Core\Inc\gpio.h_save
2023-10-01 19:20:07,566 [INFO] CodeEngine:279 - Generated code: C:\Users\Jems\STM32CubeIDE\MAD_Lab\767_SPI_ILI9341\767_SPI_ILI9341_2\Core\Inc\gpio.h
2023-10-01 19:20:08,388 [INFO] CodeEngine:255 - oldGeneratedFile, C:\Users\Jems\STM32CubeIDE\MAD_Lab\767_SPI_ILI9341\767_SPI_ILI9341_2\MXTmpFiles\cortex.tmp_save
2023-10-01 19:20:08,477 [INFO] CodeEngine:279 - Generated code: C:\Users\Jems\STM32CubeIDE\MAD_Lab\767_SPI_ILI9341\767_SPI_ILI9341_2\MXTmpFiles\cortex.tmp
2023-10-01 19:20:08,506 [INFO] CodeEngine:255 - oldGeneratedFile, C:\Users\Jems\STM32CubeIDE\MAD_Lab\767_SPI_ILI9341\767_SPI_ILI9341_2\Core\Src\i2c.c_save
2023-10-01 19:20:08,648 [INFO] CodeEngine:279 - Generated code: C:\Users\Jems\STM32CubeIDE\MAD_Lab\767_SPI_ILI9341\767_SPI_ILI9341_2\Core\Src\i2c.c
2023-10-01 19:20:08,671 [INFO] CodeEngine:255 - oldGeneratedFile, C:\Users\Jems\STM32CubeIDE\MAD_Lab\767_SPI_ILI9341\767_SPI_ILI9341_2\Core\Inc\i2c.h_save
2023-10-01 19:20:08,768 [INFO] CodeEngine:279 - Generated code: C:\Users\Jems\STM32CubeIDE\MAD_Lab\767_SPI_ILI9341\767_SPI_ILI9341_2\Core\Inc\i2c.h
2023-10-01 19:20:08,789 [INFO] CodeEngine:255 - oldGeneratedFile, C:\Users\Jems\STM32CubeIDE\MAD_Lab\767_SPI_ILI9341\767_SPI_ILI9341_2\Core\Src\rng.c_save
2023-10-01 19:20:08,900 [INFO] CodeEngine:279 - Generated code: C:\Users\Jems\STM32CubeIDE\MAD_Lab\767_SPI_ILI9341\767_SPI_ILI9341_2\Core\Src\rng.c
2023-10-01 19:20:08,907 [INFO] CodeEngine:255 - oldGeneratedFile, C:\Users\Jems\STM32CubeIDE\MAD_Lab\767_SPI_ILI9341\767_SPI_ILI9341_2\Core\Inc\rng.h_save
2023-10-01 19:20:08,980 [INFO] CodeEngine:279 - Generated code: C:\Users\Jems\STM32CubeIDE\MAD_Lab\767_SPI_ILI9341\767_SPI_ILI9341_2\Core\Inc\rng.h
2023-10-01 19:20:09,036 [INFO] CodeEngine:255 - oldGeneratedFile, C:\Users\Jems\STM32CubeIDE\MAD_Lab\767_SPI_ILI9341\767_SPI_ILI9341_2\Core\Src\spi.c_save
2023-10-01 19:20:09,144 [INFO] CodeEngine:279 - Generated code: C:\Users\Jems\STM32CubeIDE\MAD_Lab\767_SPI_ILI9341\767_SPI_ILI9341_2\Core\Src\spi.c
2023-10-01 19:20:09,150 [INFO] CodeEngine:255 - oldGeneratedFile, C:\Users\Jems\STM32CubeIDE\MAD_Lab\767_SPI_ILI9341\767_SPI_ILI9341_2\Core\Inc\spi.h_save
2023-10-01 19:20:09,216 [INFO] CodeEngine:279 - Generated code: C:\Users\Jems\STM32CubeIDE\MAD_Lab\767_SPI_ILI9341\767_SPI_ILI9341_2\Core\Inc\spi.h
2023-10-01 19:20:09,237 [INFO] CodeEngine:255 - oldGeneratedFile, C:\Users\Jems\STM32CubeIDE\MAD_Lab\767_SPI_ILI9341\767_SPI_ILI9341_2\Core\Src\tim.c_save
2023-10-01 19:20:09,334 [INFO] CodeEngine:279 - Generated code: C:\Users\Jems\STM32CubeIDE\MAD_Lab\767_SPI_ILI9341\767_SPI_ILI9341_2\Core\Src\tim.c
2023-10-01 19:20:09,342 [INFO] CodeEngine:255 - oldGeneratedFile, C:\Users\Jems\STM32CubeIDE\MAD_Lab\767_SPI_ILI9341\767_SPI_ILI9341_2\Core\Inc\tim.h_save
2023-10-01 19:20:09,414 [INFO] CodeEngine:279 - Generated code: C:\Users\Jems\STM32CubeIDE\MAD_Lab\767_SPI_ILI9341\767_SPI_ILI9341_2\Core\Inc\tim.h
2023-10-01 19:20:09,436 [INFO] CodeEngine:255 - oldGeneratedFile, C:\Users\Jems\STM32CubeIDE\MAD_Lab\767_SPI_ILI9341\767_SPI_ILI9341_2\Core\Src\usart.c_save
2023-10-01 19:20:09,534 [INFO] CodeEngine:279 - Generated code: C:\Users\Jems\STM32CubeIDE\MAD_Lab\767_SPI_ILI9341\767_SPI_ILI9341_2\Core\Src\usart.c
2023-10-01 19:20:09,539 [INFO] CodeEngine:255 - oldGeneratedFile, C:\Users\Jems\STM32CubeIDE\MAD_Lab\767_SPI_ILI9341\767_SPI_ILI9341_2\Core\Inc\usart.h_save
2023-10-01 19:20:09,598 [INFO] CodeEngine:279 - Generated code: C:\Users\Jems\STM32CubeIDE\MAD_Lab\767_SPI_ILI9341\767_SPI_ILI9341_2\Core\Inc\usart.h
2023-10-01 19:20:09,626 [INFO] CodeEngine:255 - oldGeneratedFile, C:\Users\Jems\STM32CubeIDE\MAD_Lab\767_SPI_ILI9341\767_SPI_ILI9341_2\Core\Src\stm32f7xx_it.c_save
2023-10-01 19:20:09,718 [INFO] CodeEngine:279 - Generated code: C:\Users\Jems\STM32CubeIDE\MAD_Lab\767_SPI_ILI9341\767_SPI_ILI9341_2\Core\Src\stm32f7xx_it.c
2023-10-01 19:20:09,729 [INFO] CodeEngine:255 - oldGeneratedFile, C:\Users\Jems\STM32CubeIDE\MAD_Lab\767_SPI_ILI9341\767_SPI_ILI9341_2\Core\Inc\stm32f7xx_it.h_save
2023-10-01 19:20:09,802 [INFO] CodeEngine:279 - Generated code: C:\Users\Jems\STM32CubeIDE\MAD_Lab\767_SPI_ILI9341\767_SPI_ILI9341_2\Core\Inc\stm32f7xx_it.h
2023-10-01 19:20:09,829 [INFO] CodeEngine:255 - oldGeneratedFile, C:\Users\Jems\STM32CubeIDE\MAD_Lab\767_SPI_ILI9341\767_SPI_ILI9341_2\Core\Src\stm32f7xx_hal_msp.c_save
2023-10-01 19:20:09,928 [INFO] CodeEngine:279 - Generated code: C:\Users\Jems\STM32CubeIDE\MAD_Lab\767_SPI_ILI9341\767_SPI_ILI9341_2\Core\Src\stm32f7xx_hal_msp.c
2023-10-01 19:20:09,946 [INFO] CodeEngine:255 - oldGeneratedFile, C:\Users\Jems\STM32CubeIDE\MAD_Lab\767_SPI_ILI9341\767_SPI_ILI9341_2\MXTmpFiles\system.tmp_save
2023-10-01 19:20:09,997 [INFO] CodeEngine:279 - Generated code: C:\Users\Jems\STM32CubeIDE\MAD_Lab\767_SPI_ILI9341\767_SPI_ILI9341_2\MXTmpFiles\system.tmp
2023-10-01 19:20:10,019 [INFO] CodeEngine:311 - oldGeneratedFile, C:\Users\Jems\STM32CubeIDE\MAD_Lab\767_SPI_ILI9341\767_SPI_ILI9341_2\Core\Inc\stm32f7xx_hal_conf.h_save
2023-10-01 19:20:10,104 [INFO] CodeEngine:335 - Generated code: C:\Users\Jems\STM32CubeIDE\MAD_Lab\767_SPI_ILI9341\767_SPI_ILI9341_2\Core\Inc\stm32f7xx_hal_conf.h
2023-10-01 19:20:10,163 [INFO] CodeEngine:255 - oldGeneratedFile, C:\Users\Jems\STM32CubeIDE\MAD_Lab\767_SPI_ILI9341\767_SPI_ILI9341_2\Core\Inc\main.h_save
2023-10-01 19:20:10,250 [INFO] CodeEngine:279 - Generated code: C:\Users\Jems\STM32CubeIDE\MAD_Lab\767_SPI_ILI9341\767_SPI_ILI9341_2\Core\Inc\main.h
2023-10-01 19:20:10,287 [INFO] CodeEngine:255 - oldGeneratedFile, C:\Users\Jems\STM32CubeIDE\MAD_Lab\767_SPI_ILI9341\767_SPI_ILI9341_2\Core\Src\main.c_save
2023-10-01 19:20:10,402 [INFO] CodeEngine:279 - Generated code: C:\Users\Jems\STM32CubeIDE\MAD_Lab\767_SPI_ILI9341\767_SPI_ILI9341_2\Core\Src\main.c
2023-10-01 19:20:11,074 [INFO] ProjectBuilder:3064 - Time for Copy HAL[1] : 219mS.
2023-10-01 19:20:11,082 [INFO] ProjectBuilder:4404 - Project Generator version: 4.1.0
2023-10-01 19:20:11,294 [INFO] ConfigFileManager:1457 - The Die is : DIE451
2023-10-01 19:20:11,327 [INFO] ApiDbMcu:507 - Load IP Config File for FATFS
2023-10-01 19:20:11,339 [INFO] ApiDbMcu:507 - Load IP Config File for FREERTOS
2023-10-01 19:20:11,350 [INFO] ApiDbMcu:507 - Load IP Config File for LIBJPEG
2023-10-01 19:20:11,363 [INFO] ApiDbMcu:507 - Load IP Config File for LWIP
2023-10-01 19:20:11,377 [INFO] ApiDbMcu:507 - Load IP Config File for MBEDTLS
2023-10-01 19:20:11,394 [INFO] ApiDbMcu:507 - Load IP Config File for USB_DEVICE
2023-10-01 19:20:11,407 [INFO] ApiDbMcu:507 - Load IP Config File for USB_HOST
2023-10-01 19:20:12,853 [INFO] LogOutputStream:77 - [STDOUT_REDIRECT] 
2023-10-01 19:20:14,438 [INFO] ProjectBuilder:4626 - Time for Generating toolchain IDE Files: 3354mS.
2023-10-01 19:20:14,439 [INFO] ProjectBuilder:2935 - Time for Copy CMSIS : 1mS.
2023-10-01 19:20:14,443 [INFO] ProjectBuilder:2935 - Time for Copy CMSIS : 0mS.
2023-10-01 19:23:21,516 [INFO] UtilMem:75 - End SaveConfig() Used Memory: 782709992 Bytes (1073741824)
2023-10-01 19:23:26,549 [INFO] UtilMem:75 - End SaveConfig() Used Memory: 631504896 Bytes (1073741824)
2023-10-01 19:23:27,195 [INFO] UtilMem:75 - End SaveConfig() Used Memory: 634586904 Bytes (1073741824)
2023-10-01 19:23:27,513 [INFO] BlockDiagram:2759 - set Specific Code input for plugin: RNG
2023-10-01 19:23:27,513 [INFO] BlockDiagram:2759 - set Specific Code input for plugin: SPI
2023-10-01 19:23:27,513 [INFO] BlockDiagram:2759 - set Specific Code input for plugin: TIM1_8F77
2023-10-01 19:23:27,513 [INFO] BlockDiagram:2759 - set Specific Code input for plugin: SYS
2023-10-01 19:23:27,513 [INFO] BlockDiagram:2759 - set Specific Code input for plugin: RCC
2023-10-01 19:23:27,513 [INFO] BlockDiagram:2759 - set Specific Code input for plugin: I2C
2023-10-01 19:23:27,513 [INFO] BlockDiagram:2759 - set Specific Code input for plugin: NVIC
2023-10-01 19:23:27,513 [INFO] BlockDiagram:2759 - set Specific Code input for plugin: USART
2023-10-01 19:23:27,514 [INFO] BlockDiagram:2759 - set Specific Code input for plugin: GPIO
2023-10-01 19:23:27,516 [INFO] CodeGenerator:799 - code generatio: config db path: C:/Users/Jems/.stm32cubemx/databases/DB.6.0.30/db/
2023-10-01 19:23:27,720 [INFO] CodeEngine:255 - oldGeneratedFile, C:\Users\Jems\STM32CubeIDE\MAD_Lab\767_SPI_ILI9341\767_SPI_ILI9341_2\MXTmpFiles\license.tmp_save
2023-10-01 19:23:27,777 [INFO] CodeEngine:279 - Generated code: C:\Users\Jems\STM32CubeIDE\MAD_Lab\767_SPI_ILI9341\767_SPI_ILI9341_2\MXTmpFiles\license.tmp
2023-10-01 19:23:27,956 [INFO] CodeEngine:255 - oldGeneratedFile, C:\Users\Jems\STM32CubeIDE\MAD_Lab\767_SPI_ILI9341\767_SPI_ILI9341_2\Core\Src\gpio.c_save
2023-10-01 19:23:28,047 [INFO] CodeEngine:279 - Generated code: C:\Users\Jems\STM32CubeIDE\MAD_Lab\767_SPI_ILI9341\767_SPI_ILI9341_2\Core\Src\gpio.c
2023-10-01 19:23:28,055 [INFO] CodeEngine:255 - oldGeneratedFile, C:\Users\Jems\STM32CubeIDE\MAD_Lab\767_SPI_ILI9341\767_SPI_ILI9341_2\Core\Inc\gpio.h_save
2023-10-01 19:23:28,153 [INFO] CodeEngine:279 - Generated code: C:\Users\Jems\STM32CubeIDE\MAD_Lab\767_SPI_ILI9341\767_SPI_ILI9341_2\Core\Inc\gpio.h
2023-10-01 19:23:28,836 [INFO] CodeEngine:255 - oldGeneratedFile, C:\Users\Jems\STM32CubeIDE\MAD_Lab\767_SPI_ILI9341\767_SPI_ILI9341_2\MXTmpFiles\cortex.tmp_save
2023-10-01 19:23:28,904 [INFO] CodeEngine:279 - Generated code: C:\Users\Jems\STM32CubeIDE\MAD_Lab\767_SPI_ILI9341\767_SPI_ILI9341_2\MXTmpFiles\cortex.tmp
2023-10-01 19:23:28,926 [INFO] CodeEngine:255 - oldGeneratedFile, C:\Users\Jems\STM32CubeIDE\MAD_Lab\767_SPI_ILI9341\767_SPI_ILI9341_2\Core\Src\i2c.c_save
2023-10-01 19:23:29,016 [INFO] CodeEngine:279 - Generated code: C:\Users\Jems\STM32CubeIDE\MAD_Lab\767_SPI_ILI9341\767_SPI_ILI9341_2\Core\Src\i2c.c
2023-10-01 19:23:29,023 [INFO] CodeEngine:255 - oldGeneratedFile, C:\Users\Jems\STM32CubeIDE\MAD_Lab\767_SPI_ILI9341\767_SPI_ILI9341_2\Core\Inc\i2c.h_save
2023-10-01 19:23:29,102 [INFO] CodeEngine:279 - Generated code: C:\Users\Jems\STM32CubeIDE\MAD_Lab\767_SPI_ILI9341\767_SPI_ILI9341_2\Core\Inc\i2c.h
2023-10-01 19:23:29,120 [INFO] CodeEngine:255 - oldGeneratedFile, C:\Users\Jems\STM32CubeIDE\MAD_Lab\767_SPI_ILI9341\767_SPI_ILI9341_2\Core\Src\rng.c_save
2023-10-01 19:23:29,212 [INFO] CodeEngine:279 - Generated code: C:\Users\Jems\STM32CubeIDE\MAD_Lab\767_SPI_ILI9341\767_SPI_ILI9341_2\Core\Src\rng.c
2023-10-01 19:23:29,219 [INFO] CodeEngine:255 - oldGeneratedFile, C:\Users\Jems\STM32CubeIDE\MAD_Lab\767_SPI_ILI9341\767_SPI_ILI9341_2\Core\Inc\rng.h_save
2023-10-01 19:23:29,305 [INFO] CodeEngine:279 - Generated code: C:\Users\Jems\STM32CubeIDE\MAD_Lab\767_SPI_ILI9341\767_SPI_ILI9341_2\Core\Inc\rng.h
2023-10-01 19:23:29,325 [INFO] CodeEngine:255 - oldGeneratedFile, C:\Users\Jems\STM32CubeIDE\MAD_Lab\767_SPI_ILI9341\767_SPI_ILI9341_2\Core\Src\spi.c_save
2023-10-01 19:23:29,396 [INFO] CodeEngine:279 - Generated code: C:\Users\Jems\STM32CubeIDE\MAD_Lab\767_SPI_ILI9341\767_SPI_ILI9341_2\Core\Src\spi.c
2023-10-01 19:23:29,402 [INFO] CodeEngine:255 - oldGeneratedFile, C:\Users\Jems\STM32CubeIDE\MAD_Lab\767_SPI_ILI9341\767_SPI_ILI9341_2\Core\Inc\spi.h_save
2023-10-01 19:23:29,451 [INFO] CodeEngine:279 - Generated code: C:\Users\Jems\STM32CubeIDE\MAD_Lab\767_SPI_ILI9341\767_SPI_ILI9341_2\Core\Inc\spi.h
2023-10-01 19:23:29,467 [INFO] CodeEngine:255 - oldGeneratedFile, C:\Users\Jems\STM32CubeIDE\MAD_Lab\767_SPI_ILI9341\767_SPI_ILI9341_2\Core\Src\tim.c_save
2023-10-01 19:23:29,547 [INFO] CodeEngine:279 - Generated code: C:\Users\Jems\STM32CubeIDE\MAD_Lab\767_SPI_ILI9341\767_SPI_ILI9341_2\Core\Src\tim.c
2023-10-01 19:23:29,552 [INFO] CodeEngine:255 - oldGeneratedFile, C:\Users\Jems\STM32CubeIDE\MAD_Lab\767_SPI_ILI9341\767_SPI_ILI9341_2\Core\Inc\tim.h_save
2023-10-01 19:23:29,605 [INFO] CodeEngine:279 - Generated code: C:\Users\Jems\STM32CubeIDE\MAD_Lab\767_SPI_ILI9341\767_SPI_ILI9341_2\Core\Inc\tim.h
2023-10-01 19:23:29,623 [INFO] CodeEngine:255 - oldGeneratedFile, C:\Users\Jems\STM32CubeIDE\MAD_Lab\767_SPI_ILI9341\767_SPI_ILI9341_2\Core\Src\usart.c_save
2023-10-01 19:23:29,692 [INFO] CodeEngine:279 - Generated code: C:\Users\Jems\STM32CubeIDE\MAD_Lab\767_SPI_ILI9341\767_SPI_ILI9341_2\Core\Src\usart.c
2023-10-01 19:23:29,696 [INFO] CodeEngine:255 - oldGeneratedFile, C:\Users\Jems\STM32CubeIDE\MAD_Lab\767_SPI_ILI9341\767_SPI_ILI9341_2\Core\Inc\usart.h_save
2023-10-01 19:23:29,743 [INFO] CodeEngine:279 - Generated code: C:\Users\Jems\STM32CubeIDE\MAD_Lab\767_SPI_ILI9341\767_SPI_ILI9341_2\Core\Inc\usart.h
2023-10-01 19:23:29,764 [INFO] CodeEngine:255 - oldGeneratedFile, C:\Users\Jems\STM32CubeIDE\MAD_Lab\767_SPI_ILI9341\767_SPI_ILI9341_2\Core\Src\stm32f7xx_it.c_save
2023-10-01 19:23:29,829 [INFO] CodeEngine:279 - Generated code: C:\Users\Jems\STM32CubeIDE\MAD_Lab\767_SPI_ILI9341\767_SPI_ILI9341_2\Core\Src\stm32f7xx_it.c
2023-10-01 19:23:29,834 [INFO] CodeEngine:255 - oldGeneratedFile, C:\Users\Jems\STM32CubeIDE\MAD_Lab\767_SPI_ILI9341\767_SPI_ILI9341_2\Core\Inc\stm32f7xx_it.h_save
2023-10-01 19:23:29,886 [INFO] CodeEngine:279 - Generated code: C:\Users\Jems\STM32CubeIDE\MAD_Lab\767_SPI_ILI9341\767_SPI_ILI9341_2\Core\Inc\stm32f7xx_it.h
2023-10-01 19:23:29,904 [INFO] CodeEngine:255 - oldGeneratedFile, C:\Users\Jems\STM32CubeIDE\MAD_Lab\767_SPI_ILI9341\767_SPI_ILI9341_2\Core\Src\stm32f7xx_hal_msp.c_save
2023-10-01 19:23:29,977 [INFO] CodeEngine:279 - Generated code: C:\Users\Jems\STM32CubeIDE\MAD_Lab\767_SPI_ILI9341\767_SPI_ILI9341_2\Core\Src\stm32f7xx_hal_msp.c
2023-10-01 19:23:29,982 [INFO] CodeEngine:255 - oldGeneratedFile, C:\Users\Jems\STM32CubeIDE\MAD_Lab\767_SPI_ILI9341\767_SPI_ILI9341_2\MXTmpFiles\system.tmp_save
2023-10-01 19:23:30,026 [INFO] CodeEngine:279 - Generated code: C:\Users\Jems\STM32CubeIDE\MAD_Lab\767_SPI_ILI9341\767_SPI_ILI9341_2\MXTmpFiles\system.tmp
2023-10-01 19:23:30,041 [INFO] CodeEngine:311 - oldGeneratedFile, C:\Users\Jems\STM32CubeIDE\MAD_Lab\767_SPI_ILI9341\767_SPI_ILI9341_2\Core\Inc\stm32f7xx_hal_conf.h_save
2023-10-01 19:23:30,116 [INFO] CodeEngine:335 - Generated code: C:\Users\Jems\STM32CubeIDE\MAD_Lab\767_SPI_ILI9341\767_SPI_ILI9341_2\Core\Inc\stm32f7xx_hal_conf.h
2023-10-01 19:23:30,156 [INFO] CodeEngine:255 - oldGeneratedFile, C:\Users\Jems\STM32CubeIDE\MAD_Lab\767_SPI_ILI9341\767_SPI_ILI9341_2\Core\Inc\main.h_save
2023-10-01 19:23:30,214 [INFO] CodeEngine:279 - Generated code: C:\Users\Jems\STM32CubeIDE\MAD_Lab\767_SPI_ILI9341\767_SPI_ILI9341_2\Core\Inc\main.h
2023-10-01 19:23:30,225 [INFO] CodeEngine:255 - oldGeneratedFile, C:\Users\Jems\STM32CubeIDE\MAD_Lab\767_SPI_ILI9341\767_SPI_ILI9341_2\Core\Src\main.c_save
2023-10-01 19:23:30,294 [INFO] CodeEngine:279 - Generated code: C:\Users\Jems\STM32CubeIDE\MAD_Lab\767_SPI_ILI9341\767_SPI_ILI9341_2\Core\Src\main.c
2023-10-01 19:23:30,799 [INFO] ProjectBuilder:3064 - Time for Copy HAL[1] : 131mS.
2023-10-01 19:23:30,803 [INFO] ProjectBuilder:4404 - Project Generator version: 4.1.0
2023-10-01 19:23:31,167 [INFO] ConfigFileManager:1457 - The Die is : DIE451
2023-10-01 19:23:32,557 [INFO] ProjectBuilder:4626 - Time for Generating toolchain IDE Files: 1754mS.
2023-10-01 19:23:32,558 [INFO] ProjectBuilder:2935 - Time for Copy CMSIS : 1mS.
2023-10-01 19:23:32,561 [INFO] ProjectBuilder:2935 - Time for Copy CMSIS : 0mS.
